#
# There is insufficient memory for the Java Runtime Environment to continue.
# Native memory allocation (malloc) failed to allocate 1316976 bytes for Chunk::new
# Possible reasons:
#   The system is out of physical RAM or swap space
#   The process is running with CompressedOops enabled, and the Java Heap may be blocking the growth of the native heap
# Possible solutions:
#   Reduce memory load on the system
#   Increase physical memory or swap space
#   Check if swap backing store is full
#   Decrease Java heap size (-Xmx/-Xms)
#   Decrease number of Java threads
#   Decrease Java thread stack sizes (-Xss)
#   Set larger code cache with -XX:ReservedCodeCacheSize=
#   JVM is running with Unscaled Compressed Oops mode in which the Java heap is
#     placed in the first 4GB address space. The Java Heap base address is the
#     maximum limit for the native heap growth. Please use -XX:HeapBaseMinAddress
#     to set the Java Heap base and to place the Java Heap above 4GB virtual address.
# This output file may be truncated or incomplete.
#
#  Out of Memory Error (allocation.cpp:389), pid=11004, tid=0x0000000000002980
#
# JRE version: OpenJDK Runtime Environment (8.0_242-b01) (build 1.8.0_242-release-1644-b01)
# Java VM: OpenJDK 64-Bit Server VM (25.242-b01 mixed mode windows-amd64 compressed oops)
# Failed to write core dump. Minidumps are not enabled by default on client versions of Windows
#

---------------  T H R E A D  ---------------

Current thread (0x0000000019c99000):  JavaThread "C2 CompilerThread1" daemon [_thread_in_native, id=10624, stack(0x000000001a660000,0x000000001a760000)]

Stack: [0x000000001a660000,0x000000001a760000]
[error occurred during error reporting (printing stack bounds), id 0xc0000005]

Native frames: (J=compiled Java code, j=interpreted, Vv=VM code, C=native code)


Current CompileTask:
C2:  88147 18306       4       com.android.tools.r8.ir.conversion.N::a (737 bytes)


---------------  P R O C E S S  ---------------

Java Threads: ( => current thread )
  0x0000000025c4d800 JavaThread "ForkJoinPool.commonPool-worker-7" daemon [_thread_blocked, id=10228, stack(0x000000002cc90000,0x000000002cd90000)]
  0x0000000025c50800 JavaThread "ForkJoinPool.commonPool-worker-5" daemon [_thread_blocked, id=10424, stack(0x000000002ca90000,0x000000002cb90000)]
  0x0000000025c53800 JavaThread "ForkJoinPool.commonPool-worker-3" daemon [_thread_blocked, id=10156, stack(0x000000002c890000,0x000000002c990000)]
  0x0000000025c52000 JavaThread "ForkJoinPool.commonPool-worker-2" daemon [_thread_blocked, id=8156, stack(0x000000002c190000,0x000000002c290000)]
  0x0000000025c52800 JavaThread "ForkJoinPool.commonPool-worker-1" daemon [_thread_blocked, id=10540, stack(0x0000000001160000,0x0000000001260000)]
  0x0000000025c51000 JavaThread "WorkerExecutor Queue Thread 8" [_thread_blocked, id=1564, stack(0x000000002c090000,0x000000002c190000)]
  0x0000000025c4b000 JavaThread "WorkerExecutor Queue Thread 7" [_thread_blocked, id=8188, stack(0x000000002bf90000,0x000000002c090000)]
  0x0000000019cf6000 JavaThread "WorkerExecutor Queue Thread 6" [_thread_blocked, id=2164, stack(0x000000002bc90000,0x000000002bd90000)]
  0x0000000019cf4800 JavaThread "WorkerExecutor Queue Thread 5" [_thread_blocked, id=5280, stack(0x000000002aaf0000,0x000000002abf0000)]
  0x00000000225b3000 JavaThread "WorkerExecutor Queue Thread 4" [_thread_blocked, id=10096, stack(0x000000002a9f0000,0x000000002aaf0000)]
  0x00000000225b1800 JavaThread "Cache worker for Java compile cache (C:\Users\Ghaly\AndroidStudioProjects\Cherzs\.gradle\6.1.1\javaCompile)" [_thread_blocked, id=7208, stack(0x0000000001020000,0x0000000001120000)]
  0x00000000225af800 JavaThread "Cache worker for Java compile cache (C:\Users\Ghaly\.gradle\caches\6.1.1\javaCompile)" [_thread_blocked, id=11852, stack(0x0000000000e00000,0x0000000000f00000)]
  0x00000000225ae800 JavaThread "RMI TCP Connection(idle)" daemon [_thread_blocked, id=8976, stack(0x000000002a4f0000,0x000000002a5f0000)]
  0x00000000225b0000 JavaThread "RMI Reaper" [_thread_blocked, id=11688, stack(0x000000002a3f0000,0x000000002a4f0000)]
  0x00000000225b1000 JavaThread "RMI TCP Accept-0" daemon [_thread_in_native, id=10224, stack(0x000000002a2f0000,0x000000002a3f0000)]
  0x00000000225ae000 JavaThread "GC Daemon" daemon [_thread_blocked, id=7704, stack(0x000000002a1f0000,0x000000002a2f0000)]
  0x00000000225ad000 JavaThread "RMI Scheduler(0)" daemon [_thread_blocked, id=8640, stack(0x0000000029ff0000,0x000000002a0f0000)]
  0x00000000225a5800 JavaThread "WorkerExecutor Queue Thread 2" [_thread_blocked, id=10716, stack(0x0000000029cf0000,0x0000000029df0000)]
  0x00000000225ac800 JavaThread "stdout" [_thread_in_native, id=3356, stack(0x00000000299f0000,0x0000000029af0000)]
  0x00000000225a8800 JavaThread "stderr" [_thread_in_native, id=9316, stack(0x00000000298f0000,0x00000000299f0000)]
  0x00000000225a7000 JavaThread "pool-4-thread-1" [_thread_blocked, id=11860, stack(0x00000000297f0000,0x00000000298f0000)]
  0x00000000225ab000 JavaThread "WorkerExecutor Queue" [_thread_blocked, id=8076, stack(0x00000000296f0000,0x00000000297f0000)]
  0x00000000225a7800 JavaThread "Cache worker for execution history cache (C:\Users\Ghaly\AndroidStudioProjects\Cherzs\.gradle\6.1.1\executionHistory)" [_thread_blocked, id=9656, stack(0x00000000293f0000,0x00000000294f0000)]
  0x00000000225a4800 JavaThread "Execution worker for ':' Thread 7" [_thread_blocked, id=8288, stack(0x00000000292f0000,0x00000000293f0000)]
  0x00000000225ab800 JavaThread "Execution worker for ':' Thread 6" [_thread_blocked, id=3008, stack(0x00000000291f0000,0x00000000292f0000)]
  0x000000001c881800 JavaThread "Execution worker for ':' Thread 5" [_thread_blocked, id=3156, stack(0x00000000290f0000,0x00000000291f0000)]
  0x000000001c886000 JavaThread "Execution worker for ':' Thread 4" [_thread_blocked, id=7460, stack(0x0000000028ff0000,0x00000000290f0000)]
  0x000000001c884800 JavaThread "Execution worker for ':' Thread 3" [_thread_blocked, id=1460, stack(0x0000000028ef0000,0x0000000028ff0000)]
  0x000000001c887000 JavaThread "Execution worker for ':' Thread 2" [_thread_blocked, id=7888, stack(0x0000000028df0000,0x0000000028ef0000)]
  0x0000000019cf3000 JavaThread "Execution worker for ':'" [_thread_blocked, id=5696, stack(0x0000000028cf0000,0x0000000028df0000)]
  0x0000000019cf1800 JavaThread "Cache worker for file content cache (C:\Users\Ghaly\AndroidStudioProjects\Cherzs\.gradle\6.1.1\fileContent)" [_thread_blocked, id=9836, stack(0x0000000028bf0000,0x0000000028cf0000)]
  0x0000000019cf4000 JavaThread "Cache worker for file content cache (C:\Users\Ghaly\.gradle\caches\6.1.1\fileContent)" [_thread_blocked, id=5496, stack(0x0000000028af0000,0x0000000028bf0000)]
  0x0000000019cf7000 JavaThread "Memory manager" [_thread_blocked, id=2436, stack(0x00000000289f0000,0x0000000028af0000)]
  0x0000000019cf0000 JavaThread "Cache worker for Build Output Cleanup Cache (C:\Users\Ghaly\AndroidStudioProjects\Cherzs\.gradle\buildOutputCleanup)" [_thread_blocked, id=8064, stack(0x00000000288f0000,0x00000000289f0000)]
  0x0000000019cf5800 JavaThread "Build operations Thread 8" [_thread_blocked, id=9800, stack(0x00000000287f0000,0x00000000288f0000)]
  0x000000001d19e000 JavaThread "Build operations Thread 7" [_thread_blocked, id=844, stack(0x00000000286f0000,0x00000000287f0000)]
  0x000000001d19d800 JavaThread "Build operations Thread 6" [_thread_blocked, id=10480, stack(0x00000000285f0000,0x00000000286f0000)]
  0x000000001d19c800 JavaThread "Build operations Thread 5" [_thread_blocked, id=3752, stack(0x00000000284f0000,0x00000000285f0000)]
  0x000000001d195000 JavaThread "Build operations Thread 4" [_thread_blocked, id=11168, stack(0x0000000024de0000,0x0000000024ee0000)]
  0x000000001d19c000 JavaThread "Build operations Thread 3" [_thread_blocked, id=9708, stack(0x00000000244e0000,0x00000000245e0000)]
  0x000000001d19b000 JavaThread "Build operations Thread 2" [_thread_blocked, id=5880, stack(0x0000000023de0000,0x0000000023ee0000)]
  0x000000001d193800 JavaThread "Build operations" [_thread_blocked, id=7308, stack(0x0000000023ce0000,0x0000000023de0000)]
  0x000000001d19a800 JavaThread "Cache worker for cache directory md-rule (C:\Users\Ghaly\.gradle\caches\6.1.1\md-rule)" [_thread_blocked, id=1712, stack(0x0000000023be0000,0x0000000023ce0000)]
  0x000000001d199000 JavaThread "Cache worker for cache directory md-supplier (C:\Users\Ghaly\.gradle\caches\6.1.1\md-supplier)" [_thread_blocked, id=11724, stack(0x0000000023ae0000,0x0000000023be0000)]
  0x000000001d198000 JavaThread "Cache worker for file hash cache (C:\Users\Ghaly\AndroidStudioProjects\Cherzs\.gradle\6.1.1\fileHashes)" [_thread_blocked, id=11312, stack(0x00000000239e0000,0x0000000023ae0000)]
  0x000000001d199800 JavaThread "Cache worker for checksums cache (C:\Users\Ghaly\AndroidStudioProjects\Cherzs\.gradle\checksums)" [_thread_blocked, id=9196, stack(0x00000000238e0000,0x00000000239e0000)]
  0x000000001d192000 JavaThread "Thread-30" [_thread_blocked, id=11244, stack(0x0000000021480000,0x0000000021580000)]
  0x000000001d193000 JavaThread "Stdin handler" [_thread_blocked, id=7644, stack(0x0000000021380000,0x0000000021480000)]
  0x000000001d190800 JavaThread "Asynchronous log dispatcher for DefaultDaemonConnection: socket connection from /127.0.0.1:61376 to /127.0.0.1:61386" [_thread_blocked, id=5692, stack(0x0000000020e80000,0x0000000020f80000)]
  0x000000001d197800 JavaThread "Cancel handler" [_thread_blocked, id=268, stack(0x000000001eb80000,0x000000001ec80000)]
  0x000000001d196800 JavaThread "Handler for socket connection from /127.0.0.1:61376 to /127.0.0.1:61386" [_thread_in_native, id=5272, stack(0x000000001e280000,0x000000001e380000)]
  0x000000001c885800 JavaThread "Cache worker for execution history cache (C:\Users\Ghaly\.gradle\caches\6.1.1\executionHistory)" [_thread_blocked, id=11020, stack(0x0000000021580000,0x0000000021680000)]
  0x000000001c884000 JavaThread "Cache worker for file hash cache (C:\Users\Ghaly\.gradle\caches\6.1.1\fileHashes)" [_thread_blocked, id=11648, stack(0x000000001ea80000,0x000000001eb80000)]
  0x000000001c815800 JavaThread "File lock request listener" [_thread_in_native, id=5384, stack(0x000000001e980000,0x000000001ea80000)]
  0x000000001c86d800 JavaThread "Cache worker for journal cache (C:\Users\Ghaly\.gradle\caches\journal-1)" [_thread_blocked, id=3456, stack(0x000000001e880000,0x000000001e980000)]
  0x000000001c708000 JavaThread "Daemon worker" [_thread_blocked, id=4748, stack(0x000000001e180000,0x000000001e280000)]
  0x000000001c62b000 JavaThread "Daemon" [_thread_blocked, id=9820, stack(0x000000001dc80000,0x000000001dd80000)]
  0x000000001c718000 JavaThread "Daemon periodic checks" [_thread_blocked, id=10960, stack(0x000000001db80000,0x000000001dc80000)]
  0x000000001c628000 JavaThread "Incoming local TCP Connector on port 61376" [_thread_in_native, id=5640, stack(0x000000001d940000,0x000000001da40000)]
  0x000000001c5d1800 JavaThread "Daemon health stats" [_thread_blocked, id=7444, stack(0x000000001d300000,0x000000001d400000)]
  0x0000000019d34800 JavaThread "Service Thread" daemon [_thread_blocked, id=10496, stack(0x000000001a960000,0x000000001aa60000)]
  0x0000000019cab800 JavaThread "C1 CompilerThread3" daemon [_thread_blocked, id=3368, stack(0x000000001a860000,0x000000001a960000)]
  0x0000000019ca7800 JavaThread "C2 CompilerThread2" daemon [_thread_in_native, id=5748, stack(0x000000001a760000,0x000000001a860000)]
=>0x0000000019c99000 JavaThread "C2 CompilerThread1" daemon [_thread_in_native, id=10624, stack(0x000000001a660000,0x000000001a760000)]
  0x0000000019c92800 JavaThread "C2 CompilerThread0" daemon [_thread_in_native, id=1528, stack(0x000000001a560000,0x000000001a660000)]
  0x0000000019c8f000 JavaThread "Attach Listener" daemon [_thread_blocked, id=3416, stack(0x000000001a460000,0x000000001a560000)]
  0x0000000019c8e000 JavaThread "Signal Dispatcher" daemon [_thread_blocked, id=11352, stack(0x000000001a360000,0x000000001a460000)]
  0x0000000019c80800 JavaThread "Finalizer" daemon [_thread_blocked, id=11652, stack(0x000000001a160000,0x000000001a260000)]
  0x0000000017e6c000 JavaThread "Reference Handler" daemon [_thread_blocked, id=10544, stack(0x000000001a060000,0x000000001a160000)]
  0x0000000002c1e000 JavaThread "main" [_thread_blocked, id=10736, stack(0x0000000002b00000,0x0000000002c00000)]

Other Threads:
  0x0000000002df6800 VMThread [stack: 0x0000000019b60000,0x0000000019c60000] [id=9632]
  0x0000000019d35800 WatcherThread [stack: 0x000000001aa60000,0x000000001ab60000] [id=248]

VM state:at safepoint (normal execution)

VM Mutex/Monitor currently owned by a thread:  ([mutex/lock_event])
[0x0000000002c1db30] Threads_lock - owner thread: 0x0000000002df6800
[0x0000000002c1da30] Heap_lock - owner thread: 0x000000001c887000

heap address: 0x0000000080000000, size: 2048 MB, Compressed Oops mode: 32-bit
Narrow klass base: 0x0000000000000000, Narrow klass shift: 3
Compressed class space size: 1073741824 Address: 0x0000000100000000

Heap:
 PSYoungGen      total 429568K, used 415704K [0x00000000d5580000, 0x00000000f3280000, 0x0000000100000000)
  eden space 379904K, 100% used [0x00000000d5580000,0x00000000ec880000,0x00000000ec880000)
  from space 49664K, 72% used [0x00000000ec880000,0x00000000eeb763b8,0x00000000ef900000)
  to   space 45568K, 13% used [0x00000000ef900000,0x00000000eff34fd0,0x00000000f2580000)
 ParOldGen       total 137728K, used 79842K [0x0000000080000000, 0x0000000088680000, 0x00000000d5580000)
  object space 137728K, 57% used [0x0000000080000000,0x0000000084df8930,0x0000000088680000)
 Metaspace       used 106724K, capacity 112816K, committed 113048K, reserved 1146880K
  class space    used 14131K, capacity 15258K, committed 15280K, reserved 1048576K

Card table byte_map: [0x00000000121c0000,0x00000000125d0000] byte_map_base: 0x0000000011dc0000

Marking Bits: (ParMarkBitMap*) 0x0000000076aff030
 Begin Bits: [0x0000000013080000, 0x0000000015080000)
 End Bits:   [0x0000000015080000, 0x0000000017080000)

Polling page: 0x0000000002c00000

CodeCache: size=245760Kb used=52291Kb max_used=52291Kb free=193468Kb
 bounds [0x0000000002e00000, 0x0000000006150000, 0x0000000011e00000]
 total_blobs=16231 nmethods=15300 adapters=841
 compilation: enabled

Compilation events (10 events):
Event: 88.099 Thread 0x0000000019cab800 18733       2       com.android.tools.r8.ir.optimize.g::<init> (28 bytes)
Event: 88.102 Thread 0x0000000019cab800 nmethod 18733 0x0000000006145e90 code [0x0000000006146060, 0x00000000061466a8]
Event: 88.102 Thread 0x0000000019cab800 18734 %     3       com.android.tools.r8.ir.analysis.type.t::a @ 0 (136 bytes)
Event: 88.103 Thread 0x0000000019cab800 nmethod 18734% 0x0000000006146cd0 code [0x0000000006146ee0, 0x0000000006147798]
Event: 88.127 Thread 0x0000000019cab800 18735       2       com.android.tools.r8.u.b.e0::b (42 bytes)
Event: 88.128 Thread 0x0000000019cab800 nmethod 18735 0x0000000006144390 code [0x0000000006144520, 0x0000000006144758]
Event: 88.129 Thread 0x0000000019cab800 18736       3       com.android.tools.r8.ir.optimize.l::b (158 bytes)
Event: 88.132 Thread 0x0000000019cab800 nmethod 18736 0x0000000006147a90 code [0x0000000006147f20, 0x000000000614a988]
Event: 88.132 Thread 0x0000000019cab800 18737       2       com.android.tools.r8.u.b.b0::a (11 bytes)
Event: 88.133 Thread 0x0000000019cab800 nmethod 18737 0x0000000006144010 code [0x0000000006144160, 0x00000000061442d0]

GC Heap History (10 events):
Event: 73.688 GC heap after
Heap after GC invocations=21 (full 4):
 PSYoungGen      total 330240K, used 0K [0x00000000d5580000, 0x00000000eda80000, 0x0000000100000000)
  eden space 298496K, 0% used [0x00000000d5580000,0x00000000d5580000,0x00000000e7900000)
  from space 31744K, 0% used [0x00000000e7900000,0x00000000e7900000,0x00000000e9800000)
  to   space 31232K, 0% used [0x00000000ebc00000,0x00000000ebc00000,0x00000000eda80000)
 ParOldGen       total 137728K, used 58673K [0x0000000080000000, 0x0000000088680000, 0x00000000d5580000)
  object space 137728K, 42% used [0x0000000080000000,0x000000008394c448,0x0000000088680000)
 Metaspace       used 92673K, capacity 96838K, committed 98600K, reserved 1134592K
  class space    used 12249K, capacity 13081K, committed 13488K, reserved 1048576K
}
Event: 80.292 GC heap before
{Heap before GC invocations=22 (full 4):
 PSYoungGen      total 330240K, used 298496K [0x00000000d5580000, 0x00000000eda80000, 0x0000000100000000)
  eden space 298496K, 100% used [0x00000000d5580000,0x00000000e7900000,0x00000000e7900000)
  from space 31744K, 0% used [0x00000000e7900000,0x00000000e7900000,0x00000000e9800000)
  to   space 31232K, 0% used [0x00000000ebc00000,0x00000000ebc00000,0x00000000eda80000)
 ParOldGen       total 137728K, used 58673K [0x0000000080000000, 0x0000000088680000, 0x00000000d5580000)
  object space 137728K, 42% used [0x0000000080000000,0x000000008394c448,0x0000000088680000)
 Metaspace       used 104207K, capacity 110072K, committed 110232K, reserved 1144832K
  class space    used 13908K, capacity 15018K, committed 15024K, reserved 1048576K
Event: 80.350 GC heap after
Heap after GC invocations=22 (full 4):
 PSYoungGen      total 364032K, used 20382K [0x00000000d5580000, 0x00000000eda00000, 0x0000000100000000)
  eden space 333312K, 0% used [0x00000000d5580000,0x00000000d5580000,0x00000000e9b00000)
  from space 30720K, 66% used [0x00000000ebc00000,0x00000000ecfe7908,0x00000000eda00000)
  to   space 32256K, 0% used [0x00000000e9b00000,0x00000000e9b00000,0x00000000eba80000)
 ParOldGen       total 137728K, used 58681K [0x0000000080000000, 0x0000000088680000, 0x00000000d5580000)
  object space 137728K, 42% used [0x0000000080000000,0x000000008394e448,0x0000000088680000)
 Metaspace       used 104207K, capacity 110072K, committed 110232K, reserved 1144832K
  class space    used 13908K, capacity 15018K, committed 15024K, reserved 1048576K
}
Event: 82.799 GC heap before
{Heap before GC invocations=23 (full 4):
 PSYoungGen      total 364032K, used 353694K [0x00000000d5580000, 0x00000000eda00000, 0x0000000100000000)
  eden space 333312K, 100% used [0x00000000d5580000,0x00000000e9b00000,0x00000000e9b00000)
  from space 30720K, 66% used [0x00000000ebc00000,0x00000000ecfe7908,0x00000000eda00000)
  to   space 32256K, 0% used [0x00000000e9b00000,0x00000000e9b00000,0x00000000eba80000)
 ParOldGen       total 137728K, used 58681K [0x0000000080000000, 0x0000000088680000, 0x00000000d5580000)
  object space 137728K, 42% used [0x0000000080000000,0x000000008394e448,0x0000000088680000)
 Metaspace       used 105647K, capacity 111598K, committed 111768K, reserved 1146880K
  class space    used 14107K, capacity 15241K, committed 15280K, reserved 1048576K
Event: 82.891 GC heap after
Heap after GC invocations=23 (full 4):
 PSYoungGen      total 365568K, used 32249K [0x00000000d5580000, 0x00000000f2580000, 0x0000000100000000)
  eden space 333312K, 0% used [0x00000000d5580000,0x00000000d5580000,0x00000000e9b00000)
  from space 32256K, 99% used [0x00000000e9b00000,0x00000000eba7e7b0,0x00000000eba80000)
  to   space 45568K, 0% used [0x00000000ef900000,0x00000000ef900000,0x00000000f2580000)
 ParOldGen       total 137728K, used 79826K [0x0000000080000000, 0x0000000088680000, 0x00000000d5580000)
  object space 137728K, 57% used [0x0000000080000000,0x0000000084df4930,0x0000000088680000)
 Metaspace       used 105647K, capacity 111598K, committed 111768K, reserved 1146880K
  class space    used 14107K, capacity 15241K, committed 15280K, reserved 1048576K
}
Event: 84.735 GC heap before
{Heap before GC invocations=24 (full 4):
 PSYoungGen      total 365568K, used 365561K [0x00000000d5580000, 0x00000000f2580000, 0x0000000100000000)
  eden space 333312K, 100% used [0x00000000d5580000,0x00000000e9b00000,0x00000000e9b00000)
  from space 32256K, 99% used [0x00000000e9b00000,0x00000000eba7e7b0,0x00000000eba80000)
  to   space 45568K, 0% used [0x00000000ef900000,0x00000000ef900000,0x00000000f2580000)
 ParOldGen       total 137728K, used 79826K [0x0000000080000000, 0x0000000088680000, 0x00000000d5580000)
  object space 137728K, 57% used [0x0000000080000000,0x0000000084df4930,0x0000000088680000)
 Metaspace       used 106193K, capacity 112242K, committed 112280K, reserved 1146880K
  class space    used 14124K, capacity 15251K, committed 15280K, reserved 1048576K
Event: 84.794 GC heap after
Heap after GC invocations=24 (full 4):
 PSYoungGen      total 425472K, used 35968K [0x00000000d5580000, 0x00000000f3280000, 0x0000000100000000)
  eden space 379904K, 0% used [0x00000000d5580000,0x00000000d5580000,0x00000000ec880000)
  from space 45568K, 78% used [0x00000000ef900000,0x00000000f1c203e0,0x00000000f2580000)
  to   space 49664K, 0% used [0x00000000ec880000,0x00000000ec880000,0x00000000ef900000)
 ParOldGen       total 137728K, used 79834K [0x0000000080000000, 0x0000000088680000, 0x00000000d5580000)
  object space 137728K, 57% used [0x0000000080000000,0x0000000084df6930,0x0000000088680000)
 Metaspace       used 106193K, capacity 112242K, committed 112280K, reserved 1146880K
  class space    used 14124K, capacity 15251K, committed 15280K, reserved 1048576K
}
Event: 86.442 GC heap before
{Heap before GC invocations=25 (full 4):
 PSYoungGen      total 425472K, used 415872K [0x00000000d5580000, 0x00000000f3280000, 0x0000000100000000)
  eden space 379904K, 100% used [0x00000000d5580000,0x00000000ec880000,0x00000000ec880000)
  from space 45568K, 78% used [0x00000000ef900000,0x00000000f1c203e0,0x00000000f2580000)
  to   space 49664K, 0% used [0x00000000ec880000,0x00000000ec880000,0x00000000ef900000)
 ParOldGen       total 137728K, used 79834K [0x0000000080000000, 0x0000000088680000, 0x00000000d5580000)
  object space 137728K, 57% used [0x0000000080000000,0x0000000084df6930,0x0000000088680000)
 Metaspace       used 106537K, capacity 112554K, committed 112792K, reserved 1146880K
  class space    used 14124K, capacity 15251K, committed 15280K, reserved 1048576K
Event: 86.498 GC heap after
Heap after GC invocations=25 (full 4):
 PSYoungGen      total 429568K, used 35800K [0x00000000d5580000, 0x00000000f3280000, 0x0000000100000000)
  eden space 379904K, 0% used [0x00000000d5580000,0x00000000d5580000,0x00000000ec880000)
  from space 49664K, 72% used [0x00000000ec880000,0x00000000eeb763b8,0x00000000ef900000)
  to   space 45568K, 0% used [0x00000000ef900000,0x00000000ef900000,0x00000000f2580000)
 ParOldGen       total 137728K, used 79842K [0x0000000080000000, 0x0000000088680000, 0x00000000d5580000)
  object space 137728K, 57% used [0x0000000080000000,0x0000000084df8930,0x0000000088680000)
 Metaspace       used 106537K, capacity 112554K, committed 112792K, reserved 1146880K
  class space    used 14124K, capacity 15251K, committed 15280K, reserved 1048576K
}
Event: 88.137 GC heap before
{Heap before GC invocations=26 (full 4):
 PSYoungGen      total 429568K, used 415704K [0x00000000d5580000, 0x00000000f3280000, 0x0000000100000000)
  eden space 379904K, 100% used [0x00000000d5580000,0x00000000ec880000,0x00000000ec880000)
  from space 49664K, 72% used [0x00000000ec880000,0x00000000eeb763b8,0x00000000ef900000)
  to   space 45568K, 0% used [0x00000000ef900000,0x00000000ef900000,0x00000000f2580000)
 ParOldGen       total 137728K, used 79842K [0x0000000080000000, 0x0000000088680000, 0x00000000d5580000)
  object space 137728K, 57% used [0x0000000080000000,0x0000000084df8930,0x0000000088680000)
 Metaspace       used 106724K, capacity 112816K, committed 113048K, reserved 1146880K
  class space    used 14131K, capacity 15258K, committed 15280K, reserved 1048576K

Deoptimization events (10 events):
Event: 85.054 Thread 0x000000001c886000 Uncommon trap: reason=class_check action=maybe_recompile pc=0x0000000005b71990 method=com.android.tools.r8.u.a.i.e.b(Lcom/android/tools/r8/u/b/h0;)V @ 142
Event: 85.054 Thread 0x000000001c886000 Uncommon trap: reason=class_check action=maybe_recompile pc=0x0000000005b71990 method=com.android.tools.r8.u.a.i.e.b(Lcom/android/tools/r8/u/b/h0;)V @ 142
Event: 85.347 Thread 0x000000001c886000 Uncommon trap: reason=class_check action=maybe_recompile pc=0x000000000567c15c method=com.android.tools.r8.u.b.i0.f()Lcom/android/tools/r8/u/b/h0; @ 3
Event: 86.005 Thread 0x000000001c884800 Uncommon trap: reason=unstable_if action=reinterpret pc=0x0000000005ed6ce4 method=com.android.tools.r8.ir.optimize.Z.a(Lcom/android/tools/r8/u/b/W;Lcom/android/tools/r8/ir/regalloc/a;)V @ 231
Event: 86.107 Thread 0x0000000019cf3000 Uncommon trap: reason=null_check action=make_not_entrant pc=0x00000000058d6bf8 method=com.android.tools.r8.graph.e0.computeEquals(Ljava/lang/Object;)Z @ 1
Event: 86.321 Thread 0x00000000225ab800 Uncommon trap: reason=null_check action=make_not_entrant pc=0x00000000060a5384 method=com.android.tools.r8.ir.conversion.o.a(II)Lcom/android/tools/r8/graph/r; @ 14
Event: 87.968 Thread 0x000000001c884800 Uncommon trap: reason=bimorphic action=maybe_recompile pc=0x0000000006141a30 method=com.android.tools.r8.s.a.a.a.v.hash(Ljava/lang/Object;)I @ 8
Event: 87.981 Thread 0x000000001c884800 Uncommon trap: reason=bimorphic action=maybe_recompile pc=0x0000000006141a30 method=com.android.tools.r8.s.a.a.a.v.hash(Ljava/lang/Object;)I @ 8
Event: 87.981 Thread 0x000000001c708000 Uncommon trap: reason=bimorphic action=maybe_recompile pc=0x0000000006141a30 method=com.android.tools.r8.s.a.a.a.v.hash(Ljava/lang/Object;)I @ 8
Event: 87.981 Thread 0x000000001c708000 Uncommon trap: reason=bimorphic action=maybe_recompile pc=0x0000000006141a30 method=com.android.tools.r8.s.a.a.a.v.hash(Ljava/lang/Object;)I @ 8

Classes redefined (0 events):
No events

Internal exceptions (10 events):
Event: 86.321 Thread 0x00000000225ab800 Implicit null exception at 0x000000000609fa44 to 0x00000000060a536d
Event: 86.325 Thread 0x00000000225a4800 Exception <a 'sun/nio/fs/WindowsException'> (0x00000000ea146c70) thrown at [C:\src\AOSP-openjdk-git\hotspot\src\share\vm\prims\jni.cpp, line 710]
Event: 86.386 Thread 0x0000000019cf3000 Exception <a 'sun/nio/fs/WindowsException'> (0x00000000e9a1c1a8) thrown at [C:\src\AOSP-openjdk-git\hotspot\src\share\vm\prims\jni.cpp, line 710]
Event: 86.577 Thread 0x0000000019cf3000 Exception <a 'sun/nio/fs/WindowsException'> (0x00000000d7488380) thrown at [C:\src\AOSP-openjdk-git\hotspot\src\share\vm\prims\jni.cpp, line 710]
Event: 86.680 Thread 0x0000000019cf3000 Exception <a 'sun/nio/fs/WindowsException'> (0x00000000d908c088) thrown at [C:\src\AOSP-openjdk-git\hotspot\src\share\vm\prims\jni.cpp, line 710]
Event: 86.731 Thread 0x00000000225ab800 Exception <a 'sun/nio/fs/WindowsException'> (0x00000000da07fa18) thrown at [C:\src\AOSP-openjdk-git\hotspot\src\share\vm\prims\jni.cpp, line 710]
Event: 86.770 Thread 0x0000000019cf3000 Exception <a 'sun/nio/fs/WindowsException'> (0x00000000daae54a8) thrown at [C:\src\AOSP-openjdk-git\hotspot\src\share\vm\prims\jni.cpp, line 710]
Event: 86.772 Thread 0x00000000225ab800 Exception <a 'sun/nio/fs/WindowsException'> (0x00000000da5c6ed8) thrown at [C:\src\AOSP-openjdk-git\hotspot\src\share\vm\prims\jni.cpp, line 710]
Event: 87.066 Thread 0x00000000225a4800 Exception <a 'sun/nio/fs/WindowsException'> (0x00000000de8f8bb8) thrown at [C:\src\AOSP-openjdk-git\hotspot\src\share\vm\prims\jni.cpp, line 710]
Event: 87.986 Thread 0x00000000225a4800 Exception <a 'sun/nio/fs/WindowsException'> (0x00000000eaf479a0) thrown at [C:\src\AOSP-openjdk-git\hotspot\src\share\vm\prims\jni.cpp, line 710]

Events (10 events):
Event: 87.982 Thread 0x000000001c708000 DEOPT UNPACKING pc=0x0000000002e4557b sp=0x000000001e2778b8 mode 2
Event: 88.023 Thread 0x000000001c708000 DEOPT PACKING pc=0x000000000602e56a sp=0x000000001e277b20
Event: 88.023 Thread 0x000000001c708000 DEOPT UNPACKING pc=0x0000000002e471d0 sp=0x000000001e277970 mode 0
Event: 88.033 Thread 0x000000001c886000 DEOPT PACKING pc=0x000000000579dbf2 sp=0x00000000290ea760
Event: 88.033 Thread 0x000000001c886000 DEOPT UNPACKING pc=0x0000000002e471d0 sp=0x00000000290ea648 mode 0
Event: 88.109 Thread 0x000000001c708000 DEOPT PACKING pc=0x000000000579dbcd sp=0x000000001e277c00
Event: 88.109 Thread 0x000000001c708000 DEOPT UNPACKING pc=0x0000000002e471d0 sp=0x000000001e277ae8 mode 0
Event: 88.125 Thread 0x000000001c887000 DEOPT PACKING pc=0x000000000579dbf2 sp=0x0000000028eea650
Event: 88.125 Thread 0x000000001c887000 DEOPT UNPACKING pc=0x0000000002e471d0 sp=0x0000000028eea538 mode 0
Event: 88.134 Executing VM operation: ParallelGCFailedAllocation


Dynamic libraries:
0x00007ff642d70000 - 0x00007ff642da1000 	C:\Program Files\Android\Android Studio\jre\bin\java.exe
0x00007ffd57070000 - 0x00007ffd57266000 	C:\Windows\SYSTEM32\ntdll.dll
0x00007ffd553e0000 - 0x00007ffd5549d000 	C:\Windows\System32\KERNEL32.DLL
0x00007ffd549a0000 - 0x00007ffd54c69000 	C:\Windows\System32\KERNELBASE.dll
0x00007ffd56720000 - 0x00007ffd567cc000 	C:\Windows\System32\ADVAPI32.dll
0x00007ffd567d0000 - 0x00007ffd5686e000 	C:\Windows\System32\msvcrt.dll
0x00007ffd55620000 - 0x00007ffd556bc000 	C:\Windows\System32\sechost.dll
0x00007ffd55920000 - 0x00007ffd55a4b000 	C:\Windows\System32\RPCRT4.dll
0x00007ffd55240000 - 0x00007ffd553e0000 	C:\Windows\System32\USER32.dll
0x00007ffd547b0000 - 0x00007ffd547d2000 	C:\Windows\System32\win32u.dll
0x00007ffd57000000 - 0x00007ffd5702a000 	C:\Windows\System32\GDI32.dll
0x00007ffd547e0000 - 0x00007ffd548eb000 	C:\Windows\System32\gdi32full.dll
0x00007ffd54fd0000 - 0x00007ffd5506d000 	C:\Windows\System32\msvcp_win.dll
0x00007ffd54cf0000 - 0x00007ffd54df0000 	C:\Windows\System32\ucrtbase.dll
0x00007ffd438a0000 - 0x00007ffd43b3b000 	C:\Windows\WinSxS\amd64_microsoft.windows.common-controls_6595b64144ccf1df_6.0.19041.746_none_ca02b4b61b8320a4\COMCTL32.dll
0x00007ffd558f0000 - 0x00007ffd55920000 	C:\Windows\System32\IMM32.DLL
0x00000000501b0000 - 0x0000000050282000 	C:\Program Files\Android\Android Studio\jre\jre\bin\msvcr100.dll
0x0000000076330000 - 0x0000000076b7b000 	C:\Program Files\Android\Android Studio\jre\jre\bin\server\jvm.dll
0x00007ffd56ff0000 - 0x00007ffd56ff8000 	C:\Windows\System32\PSAPI.DLL
0x00007ffd4b210000 - 0x00007ffd4b237000 	C:\Windows\SYSTEM32\WINMM.dll
0x00007ffd4b200000 - 0x00007ffd4b20a000 	C:\Windows\SYSTEM32\VERSION.dll
0x00007ffd4c970000 - 0x00007ffd4c979000 	C:\Windows\SYSTEM32\WSOCK32.dll
0x00007ffd56ea0000 - 0x00007ffd56f0b000 	C:\Windows\System32\WS2_32.dll
0x00007ffd497e0000 - 0x00007ffd497ef000 	C:\Program Files\Android\Android Studio\jre\jre\bin\verify.dll
0x00007ffd48ea0000 - 0x00007ffd48ec9000 	C:\Program Files\Android\Android Studio\jre\jre\bin\java.dll
0x00007ffd3fb00000 - 0x00007ffd3fb16000 	C:\Program Files\Android\Android Studio\jre\jre\bin\zip.dll
0x00007ffd55fd0000 - 0x00007ffd56712000 	C:\Windows\System32\SHELL32.dll
0x00007ffd52900000 - 0x00007ffd53090000 	C:\Windows\SYSTEM32\windows.storage.dll
0x00007ffd56870000 - 0x00007ffd56bc6000 	C:\Windows\System32\combase.dll
0x00007ffd541a0000 - 0x00007ffd541cc000 	C:\Windows\SYSTEM32\Wldp.dll
0x00007ffd56c60000 - 0x00007ffd56d0e000 	C:\Windows\System32\SHCORE.dll
0x00007ffd554a0000 - 0x00007ffd554f5000 	C:\Windows\System32\shlwapi.dll
0x00007ffd546e0000 - 0x00007ffd54706000 	C:\Windows\SYSTEM32\profapi.dll
0x00007ffd49830000 - 0x00007ffd4984a000 	C:\Program Files\Android\Android Studio\jre\jre\bin\net.dll
0x00007ffd53f20000 - 0x00007ffd53f8a000 	C:\Windows\system32\mswsock.dll
0x00007ffd48ed0000 - 0x00007ffd48ee3000 	C:\Program Files\Android\Android Studio\jre\jre\bin\nio.dll
0x00007ffd48df0000 - 0x00007ffd48e16000 	C:\Users\Ghaly\.gradle\native\31\windows-amd64\native-platform.dll
0x00007ffd49820000 - 0x00007ffd4982d000 	C:\Program Files\Android\Android Studio\jre\jre\bin\management.dll
0x00007ffd540f0000 - 0x00007ffd54108000 	C:\Windows\SYSTEM32\CRYPTSP.dll
0x00007ffd53860000 - 0x00007ffd53894000 	C:\Windows\system32\rsaenh.dll
0x00007ffd54c70000 - 0x00007ffd54c97000 	C:\Windows\System32\bcrypt.dll
0x00007ffd54660000 - 0x00007ffd5468e000 	C:\Windows\SYSTEM32\USERENV.dll
0x00007ffd54f50000 - 0x00007ffd54fd0000 	C:\Windows\System32\bcryptprimitives.dll
0x00007ffd54110000 - 0x00007ffd5411c000 	C:\Windows\SYSTEM32\CRYPTBASE.dll
0x00007ffd53c10000 - 0x00007ffd53c4b000 	C:\Windows\SYSTEM32\IPHLPAPI.DLL
0x00007ffd56fe0000 - 0x00007ffd56fe8000 	C:\Windows\System32\NSI.dll
0x00007ffd4cb90000 - 0x00007ffd4cba7000 	C:\Windows\SYSTEM32\dhcpcsvc6.DLL
0x00007ffd4c930000 - 0x00007ffd4c94d000 	C:\Windows\SYSTEM32\dhcpcsvc.DLL
0x00007ffd53c50000 - 0x00007ffd53d1b000 	C:\Windows\SYSTEM32\DNSAPI.dll
0x00007ffd47a60000 - 0x00007ffd47a7e000 	C:\Users\Ghaly\AppData\Local\Temp\native-platform6553593217371210026dir\native-platform.dll

VM Arguments:
jvm_args: -Xmx2048m -Dfile.encoding=windows-1252 -Duser.country=ID -Duser.language=en -Duser.variant 
java_command: org.gradle.launcher.daemon.bootstrap.GradleDaemon 6.1.1
java_class_path (initial): C:\Users\Ghaly\.gradle\wrapper\dists\gradle-6.1.1-all\cfmwm155h49vnt3hynmlrsdst\gradle-6.1.1\lib\gradle-launcher-6.1.1.jar
Launcher Type: SUN_STANDARD

Environment Variables:
JAVA_HOME=C:\Program Files\Java\jdk-15.0.2
PATH=C:\Program Files\Common Files\Oracle\Java\javapath;C:\Windows\system32;C:\Windows;C:\Windows\System32\Wbem;C:\Windows\System32\WindowsPowerShell\v1.0\;C:\Windows\System32\OpenSSH\;C:\Program Files\mingw-w64\x86_64-8.1.0-posix-seh-rt_v6-rev0;C:\Program Files\Git\cmd;C:\Users\Ghaly\AppData\Local\Programs\Python\Python39\python.exe;C:\Users\Ghaly\AppData\Local\Microsoft\WindowsApps;C:\MinGW\bin;C:\Users\Ghaly\AppData\Local\Programs\Python\Python39\Scripts\;C:\Users\Ghaly\AppData\Local\Programs\Python\Python39\;C:\Users\Ghaly\AppData\Roaming\Python\Python38\Scripts;C:\Programs\MinGW\bin;C:\Users\Ghaly\AppData\Local\Programs\Microsoft VS Code\bin;C:\Users\Ghaly\.dotnet\tools;C:\adb;C:\Program Files\dotnet\;C:\Program Files\mingw-w64\x86_64-8.1.0-posix-seh-rt_v6-rev0\mingw64\bin;C:\Users\Ghaly\AppData\Local\Programs\Python\Python39\Scripts\;C:\Users\Ghaly\AppData\Local\Programs\Python\Python39\;C:\Users\Ghaly\AppData\Local\Microsoft\WindowsApps;C:\Users\Ghaly\AppData\Roaming\Python\Python38\Scripts;C:\Programs\MinGW\bin;C:\Users\Ghaly\AppData\Local\Programs\Microsoft VS Code\bin;C:\Users\Ghaly\.dotnet\tools
USERNAME=Ghaly
OS=Windows_NT
PROCESSOR_IDENTIFIER=AMD64 Family 23 Model 24 Stepping 1, AuthenticAMD



---------------  S Y S T E M  ---------------

OS: Windows 10.0 , 64 bit Build 19041 (10.0.19041.804)

CPU:total 8 (initial active 8) (8 cores per cpu, 1 threads per core) family 23 model 24 stepping 1, cmov, cx8, fxsr, mmx, sse, sse2, sse3, ssse3, sse4.1, sse4.2, popcnt, avx, avx2, aes, clmul, mmxext, 3dnowpref, lzcnt, sse4a, tsc, tscinvbit, tscinv, bmi1

Memory: 4k page, physical 3598924k(246716k free), swap 7793228k(4416k free)

vm_info: OpenJDK 64-Bit Server VM (25.242-b01) for windows-amd64 JRE (1.8.0_242-release-1644-b01), built by "builder" with MS VC++ 10.0 (VS2010)

time: Tue Mar 09 17:21:15 2021
timezone: SE Asia Standard Time
elapsed time: 88 seconds (0d 0h 1m 28s)

