#
# There is insufficient memory for the Java Runtime Environment to continue.
# Native memory allocation (malloc) failed to allocate 1418336 bytes for Chunk::new
# Possible reasons:
#   The system is out of physical RAM or swap space
#   The process is running with CompressedOops enabled, and the Java Heap may be blocking the growth of the native heap
# Possible solutions:
#   Reduce memory load on the system
#   Increase physical memory or swap space
#   Check if swap backing store is full
#   Decrease Java heap size (-Xmx/-Xms)
#   Decrease number of Java threads
#   Decrease Java thread stack sizes (-Xss)
#   Set larger code cache with -XX:ReservedCodeCacheSize=
#   JVM is running with Unscaled Compressed Oops mode in which the Java heap is
#     placed in the first 4GB address space. The Java Heap base address is the
#     maximum limit for the native heap growth. Please use -XX:HeapBaseMinAddress
#     to set the Java Heap base and to place the Java Heap above 4GB virtual address.
# This output file may be truncated or incomplete.
#
#  Out of Memory Error (allocation.cpp:389), pid=2872, tid=0x00000000000022e8
#
# JRE version: OpenJDK Runtime Environment (8.0_242-b01) (build 1.8.0_242-release-1644-b01)
# Java VM: OpenJDK 64-Bit Server VM (25.242-b01 mixed mode windows-amd64 compressed oops)
# Failed to write core dump. Minidumps are not enabled by default on client versions of Windows
#

---------------  T H R E A D  ---------------

Current thread (0x000000001a071800):  JavaThread "C2 CompilerThread0" daemon [_thread_in_native, id=8936, stack(0x000000001a940000,0x000000001aa40000)]

Stack: [0x000000001a940000,0x000000001aa40000]
[error occurred during error reporting (printing stack bounds), id 0xc0000005]

Native frames: (J=compiled Java code, j=interpreted, Vv=VM code, C=native code)


Current CompileTask:
C2:3278518 19684 %     4       com.android.tools.r8.dex.n::a @ 330 (1022 bytes)


---------------  P R O C E S S  ---------------

Java Threads: ( => current thread )
  0x0000000021062000 JavaThread "ForkJoinPool-5-worker-0" daemon [_thread_blocked, id=3136, stack(0x000000002e2a0000,0x000000002e3a0000)]
  0x0000000021066000 JavaThread "ForkJoinPool-5-worker-7" daemon [_thread_blocked, id=6972, stack(0x000000002e1a0000,0x000000002e2a0000)]
  0x0000000021063800 JavaThread "ForkJoinPool-5-worker-6" daemon [_thread_blocked, id=7240, stack(0x000000002e0a0000,0x000000002e1a0000)]
  0x0000000021066800 JavaThread "ForkJoinPool-5-worker-5" daemon [_thread_blocked, id=10828, stack(0x000000002dfa0000,0x000000002e0a0000)]
  0x000000001a07d000 JavaThread "ForkJoinPool-5-worker-4" daemon [_thread_blocked, id=768, stack(0x000000002dea0000,0x000000002dfa0000)]
  0x000000001a07b800 JavaThread "ForkJoinPool-5-worker-3" daemon [_thread_blocked, id=7344, stack(0x000000002dda0000,0x000000002dea0000)]
  0x000000001f12b800 JavaThread "ForkJoinPool-5-worker-2" daemon [_thread_in_Java, id=7956, stack(0x000000002dca0000,0x000000002dda0000)]
  0x000000001f12f800 JavaThread "ForkJoinPool-5-worker-1" daemon [_thread_blocked, id=2092, stack(0x000000002d0f0000,0x000000002d1f0000)]
  0x000000001f12e800 JavaThread "WorkerExecutor Queue Thread 9" [_thread_blocked, id=2760, stack(0x000000002cff0000,0x000000002d0f0000)]
  0x000000001f12d000 JavaThread "WorkerExecutor Queue Thread 8" [_thread_blocked, id=10088, stack(0x000000002cef0000,0x000000002cff0000)]
  0x000000001f121800 JavaThread "WorkerExecutor Queue Thread 7" [_thread_blocked, id=1508, stack(0x000000002cdf0000,0x000000002cef0000)]
  0x000000001f128800 JavaThread "WorkerExecutor Queue Thread 6" [_thread_blocked, id=6796, stack(0x000000002caf0000,0x000000002cbf0000)]
  0x000000001f127000 JavaThread "WorkerExecutor Queue Thread 5" [_thread_blocked, id=5816, stack(0x000000002c5c0000,0x000000002c6c0000)]
  0x000000001f120000 JavaThread "Cache worker for Java compile cache (C:\Users\Ghaly\AndroidStudioProjects\Cherzs\.gradle\6.1.1\javaCompile)" [_thread_blocked, id=8012, stack(0x000000002c4c0000,0x000000002c5c0000)]
  0x000000001f124800 JavaThread "Cache worker for Java compile cache (C:\Users\Ghaly\.gradle\caches\6.1.1\javaCompile)" [_thread_blocked, id=4780, stack(0x000000002a3e0000,0x000000002a4e0000)]
  0x000000001f121000 JavaThread "RMI TCP Connection(25)-127.0.0.1" daemon [_thread_in_native, id=5172, stack(0x000000002a2e0000,0x000000002a3e0000)]
  0x000000001c349800 JavaThread "RMI TCP Connection(24)-127.0.0.1" daemon [_thread_in_native, id=10968, stack(0x0000000029f00000,0x000000002a000000)]
  0x000000001c340000 JavaThread "RMI TCP Connection(23)-127.0.0.1" daemon [_thread_in_native, id=6928, stack(0x0000000029e00000,0x0000000029f00000)]
  0x000000001c349000 JavaThread "WorkerExecutor Queue Thread 4" [_thread_blocked, id=5244, stack(0x000000002a1e0000,0x000000002a2e0000)]
  0x000000001c342000 JavaThread "WorkerExecutor Queue Thread 3" [_thread_blocked, id=11096, stack(0x000000002a0e0000,0x000000002a1e0000)]
  0x000000001c344800 JavaThread "stdout" [_thread_in_native, id=2096, stack(0x0000000029d00000,0x0000000029e00000)]
  0x000000001c343800 JavaThread "stdout" [_thread_in_native, id=9452, stack(0x0000000029c00000,0x0000000029d00000)]
  0x000000001c346800 JavaThread "stderr" [_thread_in_native, id=7780, stack(0x0000000029720000,0x0000000029820000)]
  0x000000001c33a800 JavaThread "stderr" [_thread_in_native, id=7760, stack(0x0000000029620000,0x0000000029720000)]
  0x000000001c33b800 JavaThread "pool-14-thread-1" [_thread_blocked, id=9824, stack(0x0000000029b00000,0x0000000029c00000)]
  0x000000001c33f000 JavaThread "WorkerExecutor Queue" [_thread_blocked, id=9888, stack(0x0000000029900000,0x0000000029a00000)]
  0x000000001f72d800 JavaThread "Cache worker for execution history cache (C:\Users\Ghaly\AndroidStudioProjects\Cherzs\.gradle\6.1.1\executionHistory)" [_thread_blocked, id=8840, stack(0x0000000029520000,0x0000000029620000)]
  0x000000001f72c800 JavaThread "Execution worker for ':' Thread 7" [_thread_blocked, id=1840, stack(0x0000000029200000,0x0000000029300000)]
  0x000000001f729800 JavaThread "Execution worker for ':' Thread 6" [_thread_blocked, id=9964, stack(0x0000000028d00000,0x0000000028e00000)]
  0x000000001f729000 JavaThread "Execution worker for ':' Thread 5" [_thread_blocked, id=596, stack(0x0000000028c00000,0x0000000028d00000)]
  0x000000001f72c000 JavaThread "Execution worker for ':' Thread 4" [_thread_blocked, id=5552, stack(0x0000000028b00000,0x0000000028c00000)]
  0x000000001f72a800 JavaThread "Execution worker for ':' Thread 3" [_thread_blocked, id=10780, stack(0x0000000028a00000,0x0000000028b00000)]
  0x000000001f721800 JavaThread "Execution worker for ':' Thread 2" [_thread_blocked, id=7872, stack(0x0000000028400000,0x0000000028500000)]
  0x000000001f728000 JavaThread "Execution worker for ':'" [_thread_blocked, id=8040, stack(0x0000000027800000,0x0000000027900000)]
  0x000000001f727800 JavaThread "Cache worker for file content cache (C:\Users\Ghaly\AndroidStudioProjects\Cherzs\.gradle\6.1.1\fileContent)" [_thread_blocked, id=6364, stack(0x0000000027500000,0x0000000027600000)]
  0x000000001f720000 JavaThread "Cache worker for Build Output Cleanup Cache (C:\Users\Ghaly\AndroidStudioProjects\Cherzs\.gradle\buildOutputCleanup)" [_thread_blocked, id=10144, stack(0x0000000026e00000,0x0000000026f00000)]
  0x000000001f726800 JavaThread "Build operations Thread 8" [_thread_blocked, id=2644, stack(0x0000000026d00000,0x0000000026e00000)]
  0x000000001f725000 JavaThread "Build operations Thread 7" [_thread_blocked, id=9348, stack(0x0000000026c00000,0x0000000026d00000)]
  0x000000001f723800 JavaThread "Build operations Thread 6" [_thread_blocked, id=6560, stack(0x00000000268e0000,0x00000000269e0000)]
  0x000000001f71f000 JavaThread "Build operations Thread 5" [_thread_blocked, id=1628, stack(0x0000000025610000,0x0000000025710000)]
  0x0000000026115800 JavaThread "Build operations Thread 4" [_thread_blocked, id=3952, stack(0x0000000024490000,0x0000000024590000)]
  0x0000000026116800 JavaThread "Build operations Thread 3" [_thread_blocked, id=11108, stack(0x0000000023d90000,0x0000000023e90000)]
  0x0000000026115000 JavaThread "Build operations Thread 2" [_thread_blocked, id=8068, stack(0x0000000023c90000,0x0000000023d90000)]
  0x0000000026114000 JavaThread "Build operations" [_thread_blocked, id=10456, stack(0x0000000023b90000,0x0000000023c90000)]
  0x000000002610c800 JavaThread "Cache worker for cache directory md-rule (C:\Users\Ghaly\.gradle\caches\6.1.1\md-rule)" [_thread_blocked, id=9660, stack(0x0000000023430000,0x0000000023530000)]
  0x000000002610c000 JavaThread "Cache worker for cache directory md-supplier (C:\Users\Ghaly\.gradle\caches\6.1.1\md-supplier)" [_thread_blocked, id=6752, stack(0x0000000021860000,0x0000000021960000)]
  0x0000000026112000 JavaThread "Cache worker for file hash cache (C:\Users\Ghaly\AndroidStudioProjects\Cherzs\.gradle\6.1.1\fileHashes)" [_thread_blocked, id=5628, stack(0x0000000021100000,0x0000000021200000)]
  0x0000000026111000 JavaThread "Cache worker for checksums cache (C:\Users\Ghaly\AndroidStudioProjects\Cherzs\.gradle\checksums)" [_thread_blocked, id=8652, stack(0x000000001e660000,0x000000001e760000)]
  0x0000000026112800 JavaThread "Thread-154" [_thread_blocked, id=8312, stack(0x000000001e560000,0x000000001e660000)]
  0x0000000026109800 JavaThread "Stdin handler" [_thread_blocked, id=4896, stack(0x000000001e460000,0x000000001e560000)]
  0x0000000026110800 JavaThread "Asynchronous log dispatcher for DefaultDaemonConnection: socket connection from /127.0.0.1:54154 to /127.0.0.1:54805" [_thread_blocked, id=8844, stack(0x000000001e160000,0x000000001e260000)]
  0x000000002610e000 JavaThread "Daemon worker Thread 5" [_thread_blocked, id=10788, stack(0x000000001e060000,0x000000001e160000)]
  0x0000000026109000 JavaThread "Cancel handler" [_thread_blocked, id=8780, stack(0x00000000015b0000,0x00000000016b0000)]
  0x000000002610b000 JavaThread "Handler for socket connection from /127.0.0.1:54154 to /127.0.0.1:54805" [_thread_in_native, id=1836, stack(0x00000000014b0000,0x00000000015b0000)]
  0x000000002610f800 JavaThread "Daemon Thread 5" [_thread_blocked, id=8236, stack(0x00000000013b0000,0x00000000014b0000)]
  0x000000001f720800 JavaThread "MarlinRenderer Disposer" daemon [_thread_blocked, id=4820, stack(0x0000000029100000,0x0000000029200000)]
  0x000000001f723000 JavaThread "Java2D Disposer" daemon [_thread_blocked, id=7528, stack(0x0000000029000000,0x0000000029100000)]
  0x000000001f124000 JavaThread "RMI Reaper" [_thread_blocked, id=9060, stack(0x0000000028700000,0x0000000028800000)]
  0x000000001f129000 JavaThread "RMI TCP Accept-0" daemon [_thread_in_native, id=11072, stack(0x0000000028600000,0x0000000028700000)]
  0x000000001f12b000 JavaThread "GC Daemon" daemon [_thread_blocked, id=1936, stack(0x0000000028500000,0x0000000028600000)]
  0x000000001f127800 JavaThread "RMI Scheduler(0)" daemon [_thread_blocked, id=1640, stack(0x0000000028300000,0x0000000028400000)]
  0x000000001c346000 JavaThread "Cache worker for file content cache (C:\Users\Ghaly\.gradle\caches\6.1.1\fileContent)" [_thread_blocked, id=11100, stack(0x0000000025510000,0x0000000025610000)]
  0x000000001c348000 JavaThread "Memory manager" [_thread_blocked, id=4036, stack(0x0000000024d90000,0x0000000024e90000)]
  0x000000001a07a000 JavaThread "Cache worker for execution history cache (C:\Users\Ghaly\.gradle\caches\6.1.1\executionHistory)" [_thread_blocked, id=6640, stack(0x0000000021960000,0x0000000021a60000)]
  0x000000001a07f800 JavaThread "Cache worker for file hash cache (C:\Users\Ghaly\.gradle\caches\6.1.1\fileHashes)" [_thread_blocked, id=2100, stack(0x000000001ee60000,0x000000001ef60000)]
  0x000000001a080000 JavaThread "File lock request listener" [_thread_in_native, id=4024, stack(0x000000001ed60000,0x000000001ee60000)]
  0x000000001cd45800 JavaThread "Cache worker for journal cache (C:\Users\Ghaly\.gradle\caches\journal-1)" [_thread_blocked, id=7712, stack(0x000000001ec60000,0x000000001ed60000)]
  0x000000001cae1800 JavaThread "Daemon periodic checks" [_thread_blocked, id=7328, stack(0x000000001df60000,0x000000001e060000)]
  0x000000001c97e800 JavaThread "Incoming local TCP Connector on port 54154" [_thread_in_native, id=9440, stack(0x000000001dd20000,0x000000001de20000)]
  0x000000001c9fb800 JavaThread "Daemon health stats" [_thread_blocked, id=2616, stack(0x000000001d6e0000,0x000000001d7e0000)]
  0x000000001a096000 JavaThread "Service Thread" daemon [_thread_blocked, id=7412, stack(0x000000001ad40000,0x000000001ae40000)]
  0x000000001a07e800 JavaThread "C1 CompilerThread3" daemon [_thread_blocked, id=6932, stack(0x000000001ac40000,0x000000001ad40000)]
  0x000000001a07b000 JavaThread "C2 CompilerThread2" daemon [_thread_in_native, id=5616, stack(0x000000001ab40000,0x000000001ac40000)]
  0x000000001826e800 JavaThread "C2 CompilerThread1" daemon [_thread_in_native, id=9468, stack(0x000000001aa40000,0x000000001ab40000)]
=>0x000000001a071800 JavaThread "C2 CompilerThread0" daemon [_thread_in_native, id=8936, stack(0x000000001a940000,0x000000001aa40000)]
  0x000000001a071000 JavaThread "Attach Listener" daemon [_thread_blocked, id=4836, stack(0x000000001a840000,0x000000001a940000)]
  0x000000001a075800 JavaThread "Signal Dispatcher" daemon [_thread_blocked, id=9724, stack(0x000000001a740000,0x000000001a840000)]
  0x000000000316e000 JavaThread "Finalizer" daemon [_thread_blocked, id=2632, stack(0x000000001a540000,0x000000001a640000)]
  0x0000000003167000 JavaThread "Reference Handler" daemon [_thread_blocked, id=3772, stack(0x000000001a440000,0x000000001a540000)]
  0x00000000031ee000 JavaThread "main" [_thread_blocked, id=10016, stack(0x0000000002f20000,0x0000000003020000)]

Other Threads:
  0x0000000018256800 VMThread [stack: 0x0000000019f40000,0x000000001a040000] [id=8284]
  0x000000001a097000 WatcherThread [stack: 0x000000001ae40000,0x000000001af40000] [id=4556]

VM state:not at safepoint (normal execution)

VM Mutex/Monitor currently owned by a thread: None

heap address: 0x0000000080000000, size: 2048 MB, Compressed Oops mode: 32-bit
Narrow klass base: 0x0000000000000000, Narrow klass shift: 3
Compressed class space size: 1073741824 Address: 0x0000000100000000

Heap:
 PSYoungGen      total 342528K, used 56819K [0x00000000d5580000, 0x00000000f0400000, 0x0000000100000000)
  eden space 312320K, 8% used [0x00000000d5580000,0x00000000d6f80848,0x00000000e8680000)
  from space 30208K, 99% used [0x00000000e8680000,0x00000000ea3fc480,0x00000000ea400000)
  to   space 44544K, 0% used [0x00000000ed880000,0x00000000ed880000,0x00000000f0400000)
 ParOldGen       total 131072K, used 83916K [0x0000000080000000, 0x0000000088000000, 0x00000000d5580000)
  object space 131072K, 64% used [0x0000000080000000,0x00000000851f3228,0x0000000088000000)
 Metaspace       used 111648K, capacity 118500K, committed 118680K, reserved 1153024K
  class space    used 14708K, capacity 15980K, committed 16048K, reserved 1048576K

Card table byte_map: [0x00000000125b0000,0x00000000129c0000] byte_map_base: 0x00000000121b0000

Marking Bits: (ParMarkBitMap*) 0x000000006b84f030
 Begin Bits: [0x0000000013470000, 0x0000000015470000)
 End Bits:   [0x0000000015470000, 0x0000000017470000)

Polling page: 0x0000000001760000

CodeCache: size=245760Kb used=56427Kb max_used=56427Kb free=189332Kb
 bounds [0x00000000031f0000, 0x0000000006950000, 0x00000000121f0000]
 total_blobs=17478 nmethods=16427 adapters=964
 compilation: enabled

Compilation events (10 events):
Event: 3278.320 Thread 0x000000001a07e800 19828 %     3       com.android.tools.r8.v.a.a.a.f.X::b @ 68 (190 bytes)
Event: 3278.321 Thread 0x000000001a07e800 nmethod 19828% 0x0000000006949b50 code [0x0000000006949da0, 0x000000000694aac8]
Event: 3278.339 Thread 0x000000001a07e800 19831       2       com.android.tools.r8.graph.u::d (71 bytes)
Event: 3278.341 Thread 0x000000001a07e800 nmethod 19831 0x000000000694b410 code [0x000000000694b5c0, 0x000000000694ba68]
Event: 3278.395 Thread 0x000000001a07e800 19833       2       com.android.tools.r8.code.j0::<init> (7 bytes)
Event: 3278.396 Thread 0x000000001a07e800 nmethod 19833 0x000000000694be90 code [0x000000000694bfe0, 0x000000000694c190]
Event: 3278.431 Thread 0x000000001a07e800 19835       2       com.android.tools.r8.dex.n::a (71 bytes)
Event: 3278.434 Thread 0x000000001a07e800 nmethod 19835 0x000000000694c2d0 code [0x000000000694c500, 0x000000000694cd38]
Event: 3278.434 Thread 0x000000001a07e800 19836   !   2       com.android.tools.r8.graph.e0::d (24 bytes)
Event: 3278.435 Thread 0x000000001a07e800 nmethod 19836 0x000000000694d490 code [0x000000000694d620, 0x000000000694d928]

GC Heap History (10 events):
Event: 313.478 GC heap before
{Heap before GC invocations=19 (full 3):
 PSYoungGen      total 270848K, used 266386K [0x00000000d5580000, 0x00000000ea300000, 0x0000000100000000)
  eden space 245760K, 100% used [0x00000000d5580000,0x00000000e4580000,0x00000000e4580000)
  from space 25088K, 82% used [0x00000000e4580000,0x00000000e59a4af8,0x00000000e5e00000)
  to   space 27136K, 0% used [0x00000000e8880000,0x00000000e8880000,0x00000000ea300000)
 ParOldGen       total 86528K, used 55963K [0x0000000080000000, 0x0000000085480000, 0x00000000d5580000)
  object space 86528K, 64% used [0x0000000080000000,0x00000000836a6c50,0x0000000085480000)
 Metaspace       used 88124K, capacity 92920K, committed 93208K, reserved 1130496K
  class space    used 11587K, capacity 12496K, committed 12592K, reserved 1048576K
Event: 313.865 GC heap after
Heap after GC invocations=19 (full 3):
 PSYoungGen      total 303104K, used 16697K [0x00000000d5580000, 0x00000000e9e00000, 0x0000000100000000)
  eden space 281088K, 0% used [0x00000000d5580000,0x00000000d5580000,0x00000000e6800000)
  from space 22016K, 75% used [0x00000000e8880000,0x00000000e98ce4f8,0x00000000e9e00000)
  to   space 27648K, 0% used [0x00000000e6800000,0x00000000e6800000,0x00000000e8300000)
 ParOldGen       total 86528K, used 55971K [0x0000000080000000, 0x0000000085480000, 0x00000000d5580000)
  object space 86528K, 64% used [0x0000000080000000,0x00000000836a8c50,0x0000000085480000)
 Metaspace       used 88124K, capacity 92920K, committed 93208K, reserved 1130496K
  class space    used 11587K, capacity 12496K, committed 12592K, reserved 1048576K
}
Event: 321.425 GC heap before
{Heap before GC invocations=20 (full 3):
 PSYoungGen      total 303104K, used 173761K [0x00000000d5580000, 0x00000000e9e00000, 0x0000000100000000)
  eden space 281088K, 55% used [0x00000000d5580000,0x00000000deee1f70,0x00000000e6800000)
  from space 22016K, 75% used [0x00000000e8880000,0x00000000e98ce4f8,0x00000000e9e00000)
  to   space 27648K, 0% used [0x00000000e6800000,0x00000000e6800000,0x00000000e8300000)
 ParOldGen       total 86528K, used 55971K [0x0000000080000000, 0x0000000085480000, 0x00000000d5580000)
  object space 86528K, 64% used [0x0000000080000000,0x00000000836a8c50,0x0000000085480000)
 Metaspace       used 93234K, capacity 98530K, committed 98600K, reserved 1134592K
  class space    used 12231K, capacity 13163K, committed 13232K, reserved 1048576K
Event: 321.531 GC heap after
Heap after GC invocations=20 (full 3):
 PSYoungGen      total 308736K, used 25828K [0x00000000d5580000, 0x00000000ec400000, 0x0000000100000000)
  eden space 281088K, 0% used [0x00000000d5580000,0x00000000d5580000,0x00000000e6800000)
  from space 27648K, 93% used [0x00000000e6800000,0x00000000e8139088,0x00000000e8300000)
  to   space 31232K, 0% used [0x00000000ea580000,0x00000000ea580000,0x00000000ec400000)
 ParOldGen       total 86528K, used 55979K [0x0000000080000000, 0x0000000085480000, 0x00000000d5580000)
  object space 86528K, 64% used [0x0000000080000000,0x00000000836aac50,0x0000000085480000)
 Metaspace       used 93234K, capacity 98530K, committed 98600K, reserved 1134592K
  class space    used 12231K, capacity 13163K, committed 13232K, reserved 1048576K
}
Event: 321.531 GC heap before
{Heap before GC invocations=21 (full 4):
 PSYoungGen      total 308736K, used 25828K [0x00000000d5580000, 0x00000000ec400000, 0x0000000100000000)
  eden space 281088K, 0% used [0x00000000d5580000,0x00000000d5580000,0x00000000e6800000)
  from space 27648K, 93% used [0x00000000e6800000,0x00000000e8139088,0x00000000e8300000)
  to   space 31232K, 0% used [0x00000000ea580000,0x00000000ea580000,0x00000000ec400000)
 ParOldGen       total 86528K, used 55979K [0x0000000080000000, 0x0000000085480000, 0x00000000d5580000)
  object space 86528K, 64% used [0x0000000080000000,0x00000000836aac50,0x0000000085480000)
 Metaspace       used 93234K, capacity 98530K, committed 98600K, reserved 1134592K
  class space    used 12231K, capacity 13163K, committed 13232K, reserved 1048576K
Event: 322.074 GC heap after
Heap after GC invocations=21 (full 4):
 PSYoungGen      total 308736K, used 0K [0x00000000d5580000, 0x00000000ec400000, 0x0000000100000000)
  eden space 281088K, 0% used [0x00000000d5580000,0x00000000d5580000,0x00000000e6800000)
  from space 27648K, 0% used [0x00000000e6800000,0x00000000e6800000,0x00000000e8300000)
  to   space 31232K, 0% used [0x00000000ea580000,0x00000000ea580000,0x00000000ec400000)
 ParOldGen       total 131072K, used 58144K [0x0000000080000000, 0x0000000088000000, 0x00000000d5580000)
  object space 131072K, 44% used [0x0000000080000000,0x00000000838c83e0,0x0000000088000000)
 Metaspace       used 92716K, capacity 97094K, committed 98600K, reserved 1134592K
  class space    used 12067K, capacity 12886K, committed 13232K, reserved 1048576K
}
Event: 3258.143 GC heap before
{Heap before GC invocations=22 (full 4):
 PSYoungGen      total 308736K, used 281088K [0x00000000d5580000, 0x00000000ec400000, 0x0000000100000000)
  eden space 281088K, 100% used [0x00000000d5580000,0x00000000e6800000,0x00000000e6800000)
  from space 27648K, 0% used [0x00000000e6800000,0x00000000e6800000,0x00000000e8300000)
  to   space 31232K, 0% used [0x00000000ea580000,0x00000000ea580000,0x00000000ec400000)
 ParOldGen       total 131072K, used 58144K [0x0000000080000000, 0x0000000088000000, 0x00000000d5580000)
  object space 131072K, 44% used [0x0000000080000000,0x00000000838c83e0,0x0000000088000000)
 Metaspace       used 97077K, capacity 102232K, committed 102424K, reserved 1138688K
  class space    used 12618K, capacity 13615K, committed 13616K, reserved 1048576K
Event: 3258.484 GC heap after
Heap after GC invocations=22 (full 4):
 PSYoungGen      total 340992K, used 15333K [0x00000000d5580000, 0x00000000ec180000, 0x0000000100000000)
  eden space 312320K, 0% used [0x00000000d5580000,0x00000000d5580000,0x00000000e8680000)
  from space 28672K, 53% used [0x00000000ea580000,0x00000000eb479720,0x00000000ec180000)
  to   space 30208K, 0% used [0x00000000e8680000,0x00000000e8680000,0x00000000ea400000)
 ParOldGen       total 131072K, used 58152K [0x0000000080000000, 0x0000000088000000, 0x00000000d5580000)
  object space 131072K, 44% used [0x0000000080000000,0x00000000838ca3e0,0x0000000088000000)
 Metaspace       used 97077K, capacity 102232K, committed 102424K, reserved 1138688K
  class space    used 12618K, capacity 13615K, committed 13616K, reserved 1048576K
}
Event: 3277.742 GC heap before
{Heap before GC invocations=23 (full 4):
 PSYoungGen      total 340992K, used 327653K [0x00000000d5580000, 0x00000000ec180000, 0x0000000100000000)
  eden space 312320K, 100% used [0x00000000d5580000,0x00000000e8680000,0x00000000e8680000)
  from space 28672K, 53% used [0x00000000ea580000,0x00000000eb479720,0x00000000ec180000)
  to   space 30208K, 0% used [0x00000000e8680000,0x00000000e8680000,0x00000000ea400000)
 ParOldGen       total 131072K, used 58152K [0x0000000080000000, 0x0000000088000000, 0x00000000d5580000)
  object space 131072K, 44% used [0x0000000080000000,0x00000000838ca3e0,0x0000000088000000)
 Metaspace       used 111600K, capacity 118436K, committed 118680K, reserved 1153024K
  class space    used 14708K, capacity 15980K, committed 16048K, reserved 1048576K
Event: 3277.987 GC heap after
Heap after GC invocations=23 (full 4):
 PSYoungGen      total 342528K, used 30193K [0x00000000d5580000, 0x00000000f0400000, 0x0000000100000000)
  eden space 312320K, 0% used [0x00000000d5580000,0x00000000d5580000,0x00000000e8680000)
  from space 30208K, 99% used [0x00000000e8680000,0x00000000ea3fc480,0x00000000ea400000)
  to   space 44544K, 0% used [0x00000000ed880000,0x00000000ed880000,0x00000000f0400000)
 ParOldGen       total 131072K, used 83916K [0x0000000080000000, 0x0000000088000000, 0x00000000d5580000)
  object space 131072K, 64% used [0x0000000080000000,0x00000000851f3228,0x0000000088000000)
 Metaspace       used 111600K, capacity 118436K, committed 118680K, reserved 1153024K
  class space    used 14708K, capacity 15980K, committed 16048K, reserved 1048576K
}

Deoptimization events (10 events):
Event: 3277.240 Thread 0x000000001a07b800 Uncommon trap: reason=class_check action=maybe_recompile pc=0x00000000067cfdd0 method=com.android.tools.r8.dex.n.a(ILjava/util/function/Supplier;)Ljava/lang/Object; @ 33
Event: 3277.241 Thread 0x000000001a07b800 Uncommon trap: reason=class_check action=maybe_recompile pc=0x00000000067cfdd0 method=com.android.tools.r8.dex.n.a(ILjava/util/function/Supplier;)Ljava/lang/Object; @ 33
Event: 3277.241 Thread 0x000000001a07d000 Uncommon trap: reason=class_check action=maybe_recompile pc=0x00000000067cfdd0 method=com.android.tools.r8.dex.n.a(ILjava/util/function/Supplier;)Ljava/lang/Object; @ 33
Event: 3277.241 Thread 0x000000001a07d000 Uncommon trap: reason=class_check action=maybe_recompile pc=0x00000000067cfdd0 method=com.android.tools.r8.dex.n.a(ILjava/util/function/Supplier;)Ljava/lang/Object; @ 33
Event: 3277.246 Thread 0x000000001f12b800 Uncommon trap: reason=unstable_if action=reinterpret pc=0x00000000066014ec method=com.android.tools.r8.graph.e0.c(Lcom/android/tools/r8/graph/e0;)I @ 141
Event: 3277.445 Thread 0x000000001a07b800 Uncommon trap: reason=unstable_if action=reinterpret pc=0x0000000003c16e3c method=java.util.Arrays.hashCode([Ljava/lang/Object;)I @ 1
Event: 3277.445 Thread 0x0000000021066000 Uncommon trap: reason=unstable_if action=reinterpret pc=0x0000000003c16e3c method=java.util.Arrays.hashCode([Ljava/lang/Object;)I @ 1
Event: 3277.551 Thread 0x000000001f12b800 Uncommon trap: reason=unloaded action=reinterpret pc=0x000000000685076c method=com.android.tools.r8.dex.n.i()Lcom/android/tools/r8/graph/h0; @ 289
Event: 3278.007 Thread 0x000000001f12b800 Uncommon trap: reason=unloaded action=reinterpret pc=0x00000000068ee704 method=com.android.tools.r8.code.u1.a(Ljava/nio/ShortBuffer;IILcom/android/tools/r8/graph/I0;)[Lcom/android/tools/r8/code/t1; @ 3578
Event: 3278.171 Thread 0x000000001f12b800 Uncommon trap: reason=unstable_if action=reinterpret pc=0x000000000693be00 method=com.android.tools.r8.dex.n.i()Lcom/android/tools/r8/graph/h0; @ 23

Classes redefined (0 events):
No events

Internal exceptions (10 events):
Event: 3275.511 Thread 0x000000001f121800 Exception <a 'java/lang/NoSuchMethodError': java.lang.Object.lambda$maxBy$1(Ljava/util/Comparator;Ljava/lang/Object;Ljava/lang/Object;)Ljava/lang/Object;> (0x00000000e28d3570) thrown at [C:\src\AOSP-openjdk-git\hotspot\src\share\vm\interpreter\linkResolve
Event: 3275.511 Thread 0x000000001f12d000 Exception <a 'java/lang/NoSuchMethodError': java.lang.Object.lambda$maxBy$1(Ljava/util/Comparator;Ljava/lang/Object;Ljava/lang/Object;)Ljava/lang/Object;> (0x00000000e28f4090) thrown at [C:\src\AOSP-openjdk-git\hotspot\src\share\vm\interpreter\linkResolve
Event: 3275.511 Thread 0x000000001f12e800 Exception <a 'java/lang/NoSuchMethodError': java.lang.Object.lambda$maxBy$1(Ljava/util/Comparator;Ljava/lang/Object;Ljava/lang/Object;)Ljava/lang/Object;> (0x00000000e2887710) thrown at [C:\src\AOSP-openjdk-git\hotspot\src\share\vm\interpreter\linkResolve
Event: 3275.511 Thread 0x000000001c342000 Exception <a 'java/lang/NoSuchMethodError': java.lang.Object.lambda$maxBy$1(Ljava/util/Comparator;Ljava/lang/Object;Ljava/lang/Object;)Ljava/lang/Object;> (0x00000000e27eceb0) thrown at [C:\src\AOSP-openjdk-git\hotspot\src\share\vm\interpreter\linkResolve
Event: 3275.511 Thread 0x000000001f128800 Exception <a 'java/lang/NoSuchMethodError': java.lang.Object.lambda$maxBy$1(Ljava/util/Comparator;Ljava/lang/Object;Ljava/lang/Object;)Ljava/lang/Object;> (0x00000000e2860ad0) thrown at [C:\src\AOSP-openjdk-git\hotspot\src\share\vm\interpreter\linkResolve
Event: 3276.239 Thread 0x000000001c342000 Exception <a 'sun/nio/fs/WindowsException'> (0x00000000e4462070) thrown at [C:\src\AOSP-openjdk-git\hotspot\src\share\vm\prims\jni.cpp, line 710]
Event: 3276.572 Thread 0x000000001f729800 Exception <a 'java/lang/NoSuchMethodError': <clinit>> (0x00000000e4c6daf0) thrown at [C:\src\AOSP-openjdk-git\hotspot\src\share\vm\prims\jni.cpp, line 1615]
Event: 3276.731 Thread 0x000000001f127000 Exception <a 'sun/nio/fs/WindowsException'> (0x00000000e53c2f00) thrown at [C:\src\AOSP-openjdk-git\hotspot\src\share\vm\prims\jni.cpp, line 710]
Event: 3277.445 Thread 0x000000001a07b800 Implicit null exception at 0x0000000003c16d2f to 0x0000000003c16e2d
Event: 3277.445 Thread 0x0000000021066000 Implicit null exception at 0x0000000003c16d2f to 0x0000000003c16e2d

Events (10 events):
Event: 3277.990 Executing VM operation: RevokeBias done
Event: 3277.998 Thread 0x000000001c345000 Thread exited: 0x000000001c345000
Event: 3278.007 Thread 0x000000001f12b800 Uncommon trap: trap_request=0x00000274 fr.pc=0x00000000068ee704
Event: 3278.007 Thread 0x000000001f12b800 DEOPT PACKING pc=0x00000000068ee704 sp=0x000000002dd9e990
Event: 3278.007 Thread 0x000000001f12b800 DEOPT UNPACKING pc=0x000000000323557b sp=0x000000002dd9e968 mode 2
Event: 3278.171 Thread 0x000000001f12b800 Uncommon trap: trap_request=0xffffff65 fr.pc=0x000000000693be00
Event: 3278.171 Thread 0x000000001f12b800 DEOPT PACKING pc=0x000000000693be00 sp=0x000000002dd9ea40
Event: 3278.172 Thread 0x000000001f12b800 DEOPT UNPACKING pc=0x000000000323557b sp=0x000000002dd9ea10 mode 2
Event: 3278.493 Executing VM operation: RevokeBias
Event: 3278.494 Executing VM operation: RevokeBias done


Dynamic libraries:
0x00007ff7bfb30000 - 0x00007ff7bfb61000 	C:\Program Files\Android\Android Studio\jre\bin\java.exe
0x00007ffbfd0f0000 - 0x00007ffbfd2e5000 	C:\Windows\SYSTEM32\ntdll.dll
0x00007ffbfb220000 - 0x00007ffbfb2dd000 	C:\Windows\System32\KERNEL32.DLL
0x00007ffbfad70000 - 0x00007ffbfb039000 	C:\Windows\System32\KERNELBASE.dll
0x00007ffbfcee0000 - 0x00007ffbfcf8c000 	C:\Windows\System32\ADVAPI32.dll
0x00007ffbfb8a0000 - 0x00007ffbfb93e000 	C:\Windows\System32\msvcrt.dll
0x00007ffbfce40000 - 0x00007ffbfcedc000 	C:\Windows\System32\sechost.dll
0x00007ffbfb760000 - 0x00007ffbfb88b000 	C:\Windows\System32\RPCRT4.dll
0x00007ffbfcc80000 - 0x00007ffbfce20000 	C:\Windows\System32\USER32.dll
0x00007ffbfa990000 - 0x00007ffbfa9b2000 	C:\Windows\System32\win32u.dll
0x00007ffbfb350000 - 0x00007ffbfb37a000 	C:\Windows\System32\GDI32.dll
0x00007ffbfb040000 - 0x00007ffbfb14b000 	C:\Windows\System32\gdi32full.dll
0x00007ffbfa9c0000 - 0x00007ffbfaa5d000 	C:\Windows\System32\msvcp_win.dll
0x00007ffbfaa60000 - 0x00007ffbfab60000 	C:\Windows\System32\ucrtbase.dll
0x00007ffbea750000 - 0x00007ffbea9ea000 	C:\Windows\WinSxS\amd64_microsoft.windows.common-controls_6595b64144ccf1df_6.0.19041.844_none_ca00b6081b84eb1d\COMCTL32.dll
0x00007ffbfb9b0000 - 0x00007ffbfb9e0000 	C:\Windows\System32\IMM32.DLL
0x000000006a540000 - 0x000000006a612000 	C:\Program Files\Android\Android Studio\jre\jre\bin\msvcr100.dll
0x000000006b080000 - 0x000000006b8cb000 	C:\Program Files\Android\Android Studio\jre\jre\bin\server\jvm.dll
0x00007ffbfb340000 - 0x00007ffbfb348000 	C:\Windows\System32\PSAPI.DLL
0x00007ffbf5030000 - 0x00007ffbf5039000 	C:\Windows\SYSTEM32\WSOCK32.dll
0x00007ffbf10a0000 - 0x00007ffbf10c7000 	C:\Windows\SYSTEM32\WINMM.dll
0x00007ffbf1090000 - 0x00007ffbf109a000 	C:\Windows\SYSTEM32\VERSION.dll
0x00007ffbfb940000 - 0x00007ffbfb9ab000 	C:\Windows\System32\ws2_32.DLL
0x00007ffbf5020000 - 0x00007ffbf502f000 	C:\Program Files\Android\Android Studio\jre\jre\bin\verify.dll
0x00007ffbf0940000 - 0x00007ffbf0969000 	C:\Program Files\Android\Android Studio\jre\jre\bin\java.dll
0x00007ffbf08f0000 - 0x00007ffbf0906000 	C:\Program Files\Android\Android Studio\jre\jre\bin\zip.dll
0x00007ffbfc0c0000 - 0x00007ffbfc802000 	C:\Windows\System32\SHELL32.dll
0x00007ffbf8990000 - 0x00007ffbf9120000 	C:\Windows\SYSTEM32\windows.storage.dll
0x00007ffbfbbf0000 - 0x00007ffbfbf45000 	C:\Windows\System32\combase.dll
0x00007ffbfa230000 - 0x00007ffbfa25c000 	C:\Windows\SYSTEM32\Wldp.dll
0x00007ffbfb4b0000 - 0x00007ffbfb55e000 	C:\Windows\System32\SHCORE.dll
0x00007ffbfb9e0000 - 0x00007ffbfba35000 	C:\Windows\System32\shlwapi.dll
0x00007ffbfa770000 - 0x00007ffbfa78f000 	C:\Windows\SYSTEM32\profapi.dll
0x00007ffbed950000 - 0x00007ffbed96a000 	C:\Program Files\Android\Android Studio\jre\jre\bin\net.dll
0x00007ffbf9fb0000 - 0x00007ffbfa01a000 	C:\Windows\system32\mswsock.dll
0x00007ffbed930000 - 0x00007ffbed943000 	C:\Program Files\Android\Android Studio\jre\jre\bin\nio.dll
0x00007ffbe6270000 - 0x00007ffbe6296000 	C:\Users\Ghaly\.gradle\native\31\windows-amd64\native-platform.dll
0x00007ffbf34e0000 - 0x00007ffbf34ed000 	C:\Program Files\Android\Android Studio\jre\jre\bin\management.dll
0x00007ffbfa180000 - 0x00007ffbfa198000 	C:\Windows\SYSTEM32\CRYPTSP.dll
0x00007ffbf98f0000 - 0x00007ffbf9924000 	C:\Windows\system32\rsaenh.dll
0x00007ffbfac90000 - 0x00007ffbfacb7000 	C:\Windows\System32\bcrypt.dll
0x00007ffbfa730000 - 0x00007ffbfa75e000 	C:\Windows\SYSTEM32\USERENV.dll
0x00007ffbfac10000 - 0x00007ffbfac90000 	C:\Windows\System32\bcryptprimitives.dll
0x00007ffbfa1a0000 - 0x00007ffbfa1ac000 	C:\Windows\SYSTEM32\CRYPTBASE.dll
0x00007ffbf9ca0000 - 0x00007ffbf9cdb000 	C:\Windows\SYSTEM32\IPHLPAPI.DLL
0x00007ffbfb610000 - 0x00007ffbfb618000 	C:\Windows\System32\NSI.dll
0x00007ffbf39c0000 - 0x00007ffbf39d7000 	C:\Windows\SYSTEM32\dhcpcsvc6.DLL
0x00007ffbf32e0000 - 0x00007ffbf32fd000 	C:\Windows\SYSTEM32\dhcpcsvc.DLL
0x00007ffbf9ce0000 - 0x00007ffbf9dab000 	C:\Windows\SYSTEM32\DNSAPI.dll
0x00007ffbf5040000 - 0x00007ffbf505e000 	C:\Users\Ghaly\AppData\Local\Temp\native-platform5645256272027174644dir\native-platform.dll
0x00007ffbd0260000 - 0x00007ffbd03fc000 	C:\Program Files\Android\Android Studio\jre\jre\bin\awt.dll
0x00007ffbfb150000 - 0x00007ffbfb21d000 	C:\Windows\System32\OLEAUT32.dll
0x00007ffbf8680000 - 0x00007ffbf86af000 	C:\Windows\SYSTEM32\dwmapi.dll
0x00007ffbf6c20000 - 0x00007ffbf71e0000 	C:\Windows\SYSTEM32\d2d1.dll
0x00007ffbf7e60000 - 0x00007ffbf7ef0000 	C:\Windows\SYSTEM32\apphelp.dll
0x00007ffbf82d0000 - 0x00007ffbf836e000 	C:\Windows\system32\uxtheme.dll

VM Arguments:
jvm_args: -Xmx2048m -Dfile.encoding=windows-1252 -Duser.country=ID -Duser.language=en -Duser.variant 
java_command: org.gradle.launcher.daemon.bootstrap.GradleDaemon 6.1.1
java_class_path (initial): C:\Users\Ghaly\.gradle\wrapper\dists\gradle-6.1.1-all\cfmwm155h49vnt3hynmlrsdst\gradle-6.1.1\lib\gradle-launcher-6.1.1.jar
Launcher Type: SUN_STANDARD

Environment Variables:
JAVA_HOME=C:\Program Files\Java\jdk-15.0.2
PATH=C:\Program Files\Common Files\Oracle\Java\javapath;C:\Windows\system32;C:\Windows;C:\Windows\System32\Wbem;C:\Windows\System32\WindowsPowerShell\v1.0\;C:\Windows\System32\OpenSSH\;C:\Program Files\Git\cmd;C:\Users\Ghaly\AppData\Local\Programs\Python\Python39\python.exe;C:\Users\Ghaly\AppData\Local\Microsoft\WindowsApps;C:\MinGW\bin;C:\Users\Ghaly\AppData\Local\Programs\Python\Python39\Scripts\;C:\Users\Ghaly\AppData\Local\Programs\Python\Python39\;C:\Users\Ghaly\AppData\Roaming\Python\Python38\Scripts;C:\Programs\MinGW\bin;C:\Users\Ghaly\AppData\Local\Programs\Microsoft VS Code\bin;C:\Users\Ghaly\.dotnet\tools;C:\adb;C:\Program Files\dotnet\;C:\Program Files\mingw-w64\x86_64-8.1.0-posix-seh-rt_v6-rev0\mingw64\bin;C:\Users\Ghaly\AppData\Local\Programs\Python\Python39\Scripts\;C:\Users\Ghaly\AppData\Local\Programs\Python\Python39\;C:\Users\Ghaly\AppData\Local\Microsoft\WindowsApps;C:\Users\Ghaly\AppData\Roaming\Python\Python38\Scripts;C:\Programs\MinGW\bin;C:\Users\Ghaly\AppData\Local\Programs\Microsoft VS Code\bin;C:\Users\Ghaly\.dotnet\tools
USERNAME=Ghaly
OS=Windows_NT
PROCESSOR_IDENTIFIER=AMD64 Family 23 Model 24 Stepping 1, AuthenticAMD



---------------  S Y S T E M  ---------------

OS: Windows 10.0 , 64 bit Build 19041 (10.0.19041.804)

CPU:total 8 (initial active 8) (8 cores per cpu, 1 threads per core) family 23 model 24 stepping 1, cmov, cx8, fxsr, mmx, sse, sse2, sse3, ssse3, sse4.1, sse4.2, popcnt, avx, avx2, aes, clmul, mmxext, 3dnowpref, lzcnt, sse4a, tsc, tscinvbit, tscinv, bmi1

Memory: 4k page, physical 3598924k(203060k free), swap 7793228k(4812k free)

vm_info: OpenJDK 64-Bit Server VM (25.242-b01) for windows-amd64 JRE (1.8.0_242-release-1644-b01), built by "builder" with MS VC++ 10.0 (VS2010)

time: Mon Mar 15 14:14:47 2021
timezone: SE Asia Standard Time
elapsed time: 3278 seconds (0d 0h 54m 38s)

