#
# There is insufficient memory for the Java Runtime Environment to continue.
# Native memory allocation (malloc) failed to allocate 759376 bytes for Chunk::new
# Possible reasons:
#   The system is out of physical RAM or swap space
#   The process is running with CompressedOops enabled, and the Java Heap may be blocking the growth of the native heap
# Possible solutions:
#   Reduce memory load on the system
#   Increase physical memory or swap space
#   Check if swap backing store is full
#   Decrease Java heap size (-Xmx/-Xms)
#   Decrease number of Java threads
#   Decrease Java thread stack sizes (-Xss)
#   Set larger code cache with -XX:ReservedCodeCacheSize=
#   JVM is running with Unscaled Compressed Oops mode in which the Java heap is
#     placed in the first 4GB address space. The Java Heap base address is the
#     maximum limit for the native heap growth. Please use -XX:HeapBaseMinAddress
#     to set the Java Heap base and to place the Java Heap above 4GB virtual address.
# This output file may be truncated or incomplete.
#
#  Out of Memory Error (allocation.cpp:389), pid=3688, tid=0x0000000000002540
#
# JRE version: OpenJDK Runtime Environment (8.0_242-b01) (build 1.8.0_242-release-1644-b01)
# Java VM: OpenJDK 64-Bit Server VM (25.242-b01 mixed mode windows-amd64 compressed oops)
# Failed to write core dump. Minidumps are not enabled by default on client versions of Windows
#

---------------  T H R E A D  ---------------

Current thread (0x000000001918a000):  JavaThread "C2 CompilerThread2" daemon [_thread_in_native, id=9536, stack(0x0000000019c50000,0x0000000019d50000)]

Stack: [0x0000000019c50000,0x0000000019d50000]
[error occurred during error reporting (printing stack bounds), id 0xc0000005]

Native frames: (J=compiled Java code, j=interpreted, Vv=VM code, C=native code)


Current CompileTask:
C2:  14822 1565   !   4       java.net.URLClassLoader$1::run (63 bytes)


---------------  P R O C E S S  ---------------

Java Threads: ( => current thread )
  0x000000001b54e000 JavaThread "Cache worker for file hash cache (C:\Users\Ghaly\.gradle\caches\6.1.1\fileHashes)" [_thread_blocked, id=11608, stack(0x000000001df70000,0x000000001e070000)]
  0x000000001b54b000 JavaThread "File lock request listener" [_thread_in_native, id=11516, stack(0x000000001de70000,0x000000001df70000)]
  0x000000001a64e800 JavaThread "Cache worker for journal cache (C:\Users\Ghaly\.gradle\caches\journal-1)" [_thread_blocked, id=5656, stack(0x000000001dd70000,0x000000001de70000)]
  0x000000001aeff800 JavaThread "Thread-9" [_thread_blocked, id=3992, stack(0x000000001caa0000,0x000000001cba0000)]
  0x0000000019368800 JavaThread "Stdin handler" [_thread_blocked, id=704, stack(0x000000001c9a0000,0x000000001caa0000)]
  0x0000000019368000 JavaThread "Asynchronous log dispatcher for DefaultDaemonConnection: socket connection from /127.0.0.1:61447 to /127.0.0.1:61448" [_thread_blocked, id=7812, stack(0x000000001c7a0000,0x000000001c8a0000)]
  0x000000001b4a9000 JavaThread "Daemon worker" [_thread_in_vm, id=11324, stack(0x000000001c6a0000,0x000000001c7a0000)]
  0x000000001aade800 JavaThread "Cancel handler" [_thread_blocked, id=1964, stack(0x000000001c5a0000,0x000000001c6a0000)]
  0x00000000192d8800 JavaThread "Handler for socket connection from /127.0.0.1:61447 to /127.0.0.1:61448" [_thread_in_native, id=3720, stack(0x000000001c2a0000,0x000000001c3a0000)]
  0x000000001b36b800 JavaThread "Daemon" [_thread_blocked, id=8768, stack(0x000000001c1a0000,0x000000001c2a0000)]
  0x000000001b50e800 JavaThread "Daemon periodic checks" [_thread_blocked, id=7772, stack(0x000000001c0a0000,0x000000001c1a0000)]
  0x000000001a7a9000 JavaThread "Incoming local TCP Connector on port 61447" [_thread_in_native, id=5144, stack(0x000000001be60000,0x000000001bf60000)]
  0x000000001a846000 JavaThread "Daemon health stats" [_thread_blocked, id=520, stack(0x000000001b820000,0x000000001b920000)]
  0x000000001920c000 JavaThread "Service Thread" daemon [_thread_blocked, id=1452, stack(0x0000000019e50000,0x0000000019f50000)]
  0x000000001918e000 JavaThread "C1 CompilerThread3" daemon [_thread_blocked, id=12056, stack(0x0000000019d50000,0x0000000019e50000)]
=>0x000000001918a000 JavaThread "C2 CompilerThread2" daemon [_thread_in_native, id=9536, stack(0x0000000019c50000,0x0000000019d50000)]
  0x0000000019183800 JavaThread "C2 CompilerThread1" daemon [_thread_in_native, id=10176, stack(0x0000000019b50000,0x0000000019c50000)]
  0x0000000019181800 JavaThread "C2 CompilerThread0" daemon [_thread_in_native, id=8344, stack(0x0000000019a50000,0x0000000019b50000)]
  0x0000000019180800 JavaThread "Attach Listener" daemon [_thread_blocked, id=708, stack(0x0000000019950000,0x0000000019a50000)]
  0x000000001739e800 JavaThread "Signal Dispatcher" daemon [_thread_blocked, id=9864, stack(0x0000000019850000,0x0000000019950000)]
  0x0000000019170800 JavaThread "Finalizer" daemon [_thread_blocked, id=812, stack(0x0000000019650000,0x0000000019750000)]
  0x000000001738c800 JavaThread "Reference Handler" daemon [_thread_blocked, id=4168, stack(0x0000000019550000,0x0000000019650000)]
  0x00000000007ee000 JavaThread "main" [_thread_blocked, id=10940, stack(0x00000000020f0000,0x00000000021f0000)]

Other Threads:
  0x00000000022e6800 VMThread [stack: 0x0000000019050000,0x0000000019150000] [id=8988]
  0x000000001920c800 WatcherThread [stack: 0x0000000019f50000,0x000000001a050000] [id=5624]

VM state:not at safepoint (normal execution)

VM Mutex/Monitor currently owned by a thread: None

heap address: 0x0000000080000000, size: 2048 MB, Compressed Oops mode: 32-bit
Narrow klass base: 0x0000000000000000, Narrow klass shift: 3
Compressed class space size: 1073741824 Address: 0x0000000100000000

Heap:
 PSYoungGen      total 63488K, used 32587K [0x00000000d5580000, 0x00000000d9b80000, 0x0000000100000000)
  eden space 58368K, 47% used [0x00000000d5580000,0x00000000d7055c18,0x00000000d8e80000)
  from space 5120K, 99% used [0x00000000d9480000,0x00000000d997d040,0x00000000d9980000)
  to   space 6144K, 0% used [0x00000000d8e80000,0x00000000d8e80000,0x00000000d9480000)
 ParOldGen       total 38400K, used 5679K [0x0000000080000000, 0x0000000082580000, 0x00000000d5580000)
  object space 38400K, 14% used [0x0000000080000000,0x000000008058bfc0,0x0000000082580000)
 Metaspace       used 15916K, capacity 16370K, committed 16768K, reserved 1062912K
  class space    used 2156K, capacity 2317K, committed 2432K, reserved 1048576K

Card table byte_map: [0x00000000116b0000,0x0000000011ac0000] byte_map_base: 0x00000000112b0000

Marking Bits: (ParMarkBitMap*) 0x0000000076aff030
 Begin Bits: [0x0000000012570000, 0x0000000014570000)
 End Bits:   [0x0000000014570000, 0x0000000016570000)

Polling page: 0x0000000000750000

CodeCache: size=245760Kb used=5036Kb max_used=5071Kb free=240723Kb
 bounds [0x00000000022f0000, 0x0000000002800000, 0x00000000112f0000]
 total_blobs=1841 nmethods=1449 adapters=306
 compilation: enabled

Compilation events (10 events):
Event: 14.738 Thread 0x000000001918e000 1571       3       sun.reflect.ReflectionFactory::checkInitted (19 bytes)
Event: 14.739 Thread 0x000000001918e000 nmethod 1571 0x000000000241db50 code [0x000000000241dcc0, 0x000000000241df88]
Event: 14.803 Thread 0x000000001918e000 1572       3       org.gradle.internal.service.DefaultServiceRegistry$CompositeServiceProvider::getService (49 bytes)
Event: 14.804 Thread 0x000000001918e000 nmethod 1572 0x0000000002500590 code [0x0000000002500700, 0x0000000002500a48]
Event: 14.804 Thread 0x000000001918e000 1573       3       org.gradle.internal.service.DefaultServiceRegistry::assertValidServiceType (51 bytes)
Event: 14.805 Thread 0x000000001918e000 nmethod 1573 0x000000000257d990 code [0x000000000257db60, 0x000000000257e268]
Event: 14.805 Thread 0x000000001918e000 1574       3       java.lang.Class::isAnnotation (17 bytes)
Event: 14.806 Thread 0x000000001918e000 nmethod 1574 0x000000000241ce90 code [0x000000000241d000, 0x000000000241d268]
Event: 14.806 Thread 0x000000001918e000 1575       1       java.util.Collections$EmptyList::isEmpty (2 bytes)
Event: 14.807 Thread 0x000000001918e000 nmethod 1575 0x000000000248fa50 code [0x000000000248fba0, 0x000000000248fcb0]

GC Heap History (10 events):
Event: 4.224 GC heap before
{Heap before GC invocations=2 (full 0):
 PSYoungGen      total 16896K, used 16869K [0x00000000d5580000, 0x00000000d6800000, 0x0000000100000000)
  eden space 14848K, 100% used [0x00000000d5580000,0x00000000d6400000,0x00000000d6400000)
  from space 2048K, 98% used [0x00000000d6400000,0x00000000d65f95d8,0x00000000d6600000)
  to   space 2048K, 0% used [0x00000000d6600000,0x00000000d6600000,0x00000000d6800000)
 ParOldGen       total 38400K, used 102K [0x0000000080000000, 0x0000000082580000, 0x00000000d5580000)
  object space 38400K, 0% used [0x0000000080000000,0x0000000080019880,0x0000000082580000)
 Metaspace       used 7492K, capacity 7696K, committed 8064K, reserved 1056768K
  class space    used 921K, capacity 1032K, committed 1152K, reserved 1048576K
Event: 4.467 GC heap after
Heap after GC invocations=2 (full 0):
 PSYoungGen      total 16896K, used 2048K [0x00000000d5580000, 0x00000000d7680000, 0x0000000100000000)
  eden space 14848K, 0% used [0x00000000d5580000,0x00000000d5580000,0x00000000d6400000)
  from space 2048K, 100% used [0x00000000d6600000,0x00000000d6800000,0x00000000d6800000)
  to   space 2048K, 0% used [0x00000000d6400000,0x00000000d6400000,0x00000000d6600000)
 ParOldGen       total 38400K, used 1665K [0x0000000080000000, 0x0000000082580000, 0x00000000d5580000)
  object space 38400K, 4% used [0x0000000080000000,0x00000000801a06b0,0x0000000082580000)
 Metaspace       used 7492K, capacity 7696K, committed 8064K, reserved 1056768K
  class space    used 921K, capacity 1032K, committed 1152K, reserved 1048576K
}
Event: 5.168 GC heap before
{Heap before GC invocations=3 (full 0):
 PSYoungGen      total 16896K, used 16896K [0x00000000d5580000, 0x00000000d7680000, 0x0000000100000000)
  eden space 14848K, 100% used [0x00000000d5580000,0x00000000d6400000,0x00000000d6400000)
  from space 2048K, 100% used [0x00000000d6600000,0x00000000d6800000,0x00000000d6800000)
  to   space 2048K, 0% used [0x00000000d6400000,0x00000000d6400000,0x00000000d6600000)
 ParOldGen       total 38400K, used 1665K [0x0000000080000000, 0x0000000082580000, 0x00000000d5580000)
  object space 38400K, 4% used [0x0000000080000000,0x00000000801a06b0,0x0000000082580000)
 Metaspace       used 7547K, capacity 7760K, committed 8064K, reserved 1056768K
  class space    used 921K, capacity 1032K, committed 1152K, reserved 1048576K
Event: 5.187 GC heap after
Heap after GC invocations=3 (full 0):
 PSYoungGen      total 16896K, used 2032K [0x00000000d5580000, 0x00000000d7680000, 0x0000000100000000)
  eden space 14848K, 0% used [0x00000000d5580000,0x00000000d5580000,0x00000000d6400000)
  from space 2048K, 99% used [0x00000000d6400000,0x00000000d65fc010,0x00000000d6600000)
  to   space 2048K, 0% used [0x00000000d7480000,0x00000000d7480000,0x00000000d7680000)
 ParOldGen       total 38400K, used 1945K [0x0000000080000000, 0x0000000082580000, 0x00000000d5580000)
  object space 38400K, 5% used [0x0000000080000000,0x00000000801e66b0,0x0000000082580000)
 Metaspace       used 7547K, capacity 7760K, committed 8064K, reserved 1056768K
  class space    used 921K, capacity 1032K, committed 1152K, reserved 1048576K
}
Event: 5.657 GC heap before
{Heap before GC invocations=4 (full 0):
 PSYoungGen      total 16896K, used 16880K [0x00000000d5580000, 0x00000000d7680000, 0x0000000100000000)
  eden space 14848K, 100% used [0x00000000d5580000,0x00000000d6400000,0x00000000d6400000)
  from space 2048K, 99% used [0x00000000d6400000,0x00000000d65fc010,0x00000000d6600000)
  to   space 2048K, 0% used [0x00000000d7480000,0x00000000d7480000,0x00000000d7680000)
 ParOldGen       total 38400K, used 1945K [0x0000000080000000, 0x0000000082580000, 0x00000000d5580000)
  object space 38400K, 5% used [0x0000000080000000,0x00000000801e66b0,0x0000000082580000)
 Metaspace       used 7673K, capacity 7888K, committed 8064K, reserved 1056768K
  class space    used 930K, capacity 1032K, committed 1152K, reserved 1048576K
Event: 5.662 GC heap after
Heap after GC invocations=4 (full 0):
 PSYoungGen      total 31744K, used 2032K [0x00000000d5580000, 0x00000000d7680000, 0x0000000100000000)
  eden space 29696K, 0% used [0x00000000d5580000,0x00000000d5580000,0x00000000d7280000)
  from space 2048K, 99% used [0x00000000d7480000,0x00000000d767c010,0x00000000d7680000)
  to   space 2048K, 0% used [0x00000000d7280000,0x00000000d7280000,0x00000000d7480000)
 ParOldGen       total 38400K, used 2762K [0x0000000080000000, 0x0000000082580000, 0x00000000d5580000)
  object space 38400K, 7% used [0x0000000080000000,0x00000000802b2bb0,0x0000000082580000)
 Metaspace       used 7673K, capacity 7888K, committed 8064K, reserved 1056768K
  class space    used 930K, capacity 1032K, committed 1152K, reserved 1048576K
}
Event: 6.840 GC heap before
{Heap before GC invocations=5 (full 0):
 PSYoungGen      total 31744K, used 31728K [0x00000000d5580000, 0x00000000d7680000, 0x0000000100000000)
  eden space 29696K, 100% used [0x00000000d5580000,0x00000000d7280000,0x00000000d7280000)
  from space 2048K, 99% used [0x00000000d7480000,0x00000000d767c010,0x00000000d7680000)
  to   space 2048K, 0% used [0x00000000d7280000,0x00000000d7280000,0x00000000d7480000)
 ParOldGen       total 38400K, used 2762K [0x0000000080000000, 0x0000000082580000, 0x00000000d5580000)
  object space 38400K, 7% used [0x0000000080000000,0x00000000802b2bb0,0x0000000082580000)
 Metaspace       used 9897K, capacity 10128K, committed 10496K, reserved 1058816K
  class space    used 1318K, capacity 1440K, committed 1536K, reserved 1048576K
Event: 6.853 GC heap after
Heap after GC invocations=5 (full 0):
 PSYoungGen      total 31744K, used 2048K [0x00000000d5580000, 0x00000000d9980000, 0x0000000100000000)
  eden space 29696K, 0% used [0x00000000d5580000,0x00000000d5580000,0x00000000d7280000)
  from space 2048K, 100% used [0x00000000d7280000,0x00000000d7480000,0x00000000d7480000)
  to   space 5120K, 0% used [0x00000000d9480000,0x00000000d9480000,0x00000000d9980000)
 ParOldGen       total 38400K, used 5337K [0x0000000080000000, 0x0000000082580000, 0x00000000d5580000)
  object space 38400K, 13% used [0x0000000080000000,0x0000000080536448,0x0000000082580000)
 Metaspace       used 9897K, capacity 10128K, committed 10496K, reserved 1058816K
  class space    used 1318K, capacity 1440K, committed 1536K, reserved 1048576K
}
Event: 13.460 GC heap before
{Heap before GC invocations=6 (full 0):
 PSYoungGen      total 31744K, used 31744K [0x00000000d5580000, 0x00000000d9980000, 0x0000000100000000)
  eden space 29696K, 100% used [0x00000000d5580000,0x00000000d7280000,0x00000000d7280000)
  from space 2048K, 100% used [0x00000000d7280000,0x00000000d7480000,0x00000000d7480000)
  to   space 5120K, 0% used [0x00000000d9480000,0x00000000d9480000,0x00000000d9980000)
 ParOldGen       total 38400K, used 5337K [0x0000000080000000, 0x0000000082580000, 0x00000000d5580000)
  object space 38400K, 13% used [0x0000000080000000,0x0000000080536448,0x0000000082580000)
 Metaspace       used 13563K, capacity 13994K, committed 14080K, reserved 1060864K
  class space    used 1863K, capacity 2015K, committed 2048K, reserved 1048576K
Event: 13.497 GC heap after
Heap after GC invocations=6 (full 0):
 PSYoungGen      total 63488K, used 5108K [0x00000000d5580000, 0x00000000d9b80000, 0x0000000100000000)
  eden space 58368K, 0% used [0x00000000d5580000,0x00000000d5580000,0x00000000d8e80000)
  from space 5120K, 99% used [0x00000000d9480000,0x00000000d997d040,0x00000000d9980000)
  to   space 6144K, 0% used [0x00000000d8e80000,0x00000000d8e80000,0x00000000d9480000)
 ParOldGen       total 38400K, used 5679K [0x0000000080000000, 0x0000000082580000, 0x00000000d5580000)
  object space 38400K, 14% used [0x0000000080000000,0x000000008058bfc0,0x0000000082580000)
 Metaspace       used 13563K, capacity 13994K, committed 14080K, reserved 1060864K
  class space    used 1863K, capacity 2015K, committed 2048K, reserved 1048576K
}

Deoptimization events (10 events):
Event: 9.230 Thread 0x00000000007ee000 Uncommon trap: reason=unstable_if action=reinterpret pc=0x0000000002615c8c method=java.io.WinNTFileSystem.normalize(Ljava/lang/String;)Ljava/lang/String; @ 128
Event: 11.638 Thread 0x00000000192d8800 Uncommon trap: reason=unstable_if action=reinterpret pc=0x0000000002704a90 method=java.util.concurrent.ConcurrentHashMap.putVal(Ljava/lang/Object;Ljava/lang/Object;Z)Ljava/lang/Object; @ 206
Event: 11.745 Thread 0x00000000192d8800 Uncommon trap: reason=unstable_if action=reinterpret pc=0x0000000002632f70 method=java.lang.String.substring(I)Ljava/lang/String; @ 35
Event: 11.937 Thread 0x000000001b4a9000 Uncommon trap: reason=bimorphic action=maybe_recompile pc=0x0000000002599b28 method=java.util.HashMap.putVal(ILjava/lang/Object;Ljava/lang/Object;ZZ)Ljava/lang/Object; @ 253
Event: 11.937 Thread 0x000000001b4a9000 Uncommon trap: reason=bimorphic action=maybe_recompile pc=0x0000000002599b28 method=java.util.HashMap.putVal(ILjava/lang/Object;Ljava/lang/Object;ZZ)Ljava/lang/Object; @ 253
Event: 11.937 Thread 0x000000001b4a9000 Uncommon trap: reason=bimorphic action=maybe_recompile pc=0x0000000002599b28 method=java.util.HashMap.putVal(ILjava/lang/Object;Ljava/lang/Object;ZZ)Ljava/lang/Object; @ 253
Event: 13.644 Thread 0x000000001b4a9000 Uncommon trap: reason=class_check action=maybe_recompile pc=0x000000000263dc9c method=java.util.regex.Matcher.match(II)Z @ 86
Event: 13.818 Thread 0x000000001b4a9000 Uncommon trap: reason=class_check action=maybe_recompile pc=0x000000000263dc9c method=java.util.regex.Matcher.match(II)Z @ 86
Event: 13.819 Thread 0x000000001b4a9000 Uncommon trap: reason=class_check action=maybe_recompile pc=0x000000000263dc9c method=java.util.regex.Matcher.match(II)Z @ 86
Event: 13.820 Thread 0x000000001b4a9000 Uncommon trap: reason=class_check action=maybe_recompile pc=0x00000000024c2048 method=java.util.regex.Matcher.match(II)Z @ 86

Classes redefined (0 events):
No events

Internal exceptions (10 events):
Event: 11.647 Thread 0x00000000192d8800 Exception <a 'java/lang/NoSuchMethodError': <clinit>> (0x00000000d5b60028) thrown at [C:\src\AOSP-openjdk-git\hotspot\src\share\vm\prims\jni.cpp, line 1615]
Event: 11.655 Thread 0x00000000192d8800 Exception <a 'java/lang/NoSuchMethodError': <clinit>> (0x00000000d5b75590) thrown at [C:\src\AOSP-openjdk-git\hotspot\src\share\vm\prims\jni.cpp, line 1615]
Event: 11.667 Thread 0x00000000192d8800 Exception <a 'java/lang/NoSuchMethodError': <clinit>> (0x00000000d5b87f58) thrown at [C:\src\AOSP-openjdk-git\hotspot\src\share\vm\prims\jni.cpp, line 1615]
Event: 11.693 Thread 0x00000000192d8800 Exception <a 'java/lang/NoSuchMethodError': <clinit>> (0x00000000d5baecb8) thrown at [C:\src\AOSP-openjdk-git\hotspot\src\share\vm\prims\jni.cpp, line 1615]
Event: 11.701 Thread 0x00000000192d8800 Exception <a 'java/lang/NoSuchMethodError': <clinit>> (0x00000000d5bc68d0) thrown at [C:\src\AOSP-openjdk-git\hotspot\src\share\vm\prims\jni.cpp, line 1615]
Event: 11.702 Thread 0x00000000192d8800 Exception <a 'java/lang/NoSuchMethodError': <clinit>> (0x00000000d5bcf4c8) thrown at [C:\src\AOSP-openjdk-git\hotspot\src\share\vm\prims\jni.cpp, line 1615]
Event: 11.711 Thread 0x00000000192d8800 Exception <a 'java/lang/NoSuchMethodError': <clinit>> (0x00000000d5be5848) thrown at [C:\src\AOSP-openjdk-git\hotspot\src\share\vm\prims\jni.cpp, line 1615]
Event: 11.767 Thread 0x00000000192d8800 Exception <a 'java/lang/NoSuchMethodError': <clinit>> (0x00000000d5c4c608) thrown at [C:\src\AOSP-openjdk-git\hotspot\src\share\vm\prims\jni.cpp, line 1615]
Event: 11.797 Thread 0x00000000192d8800 Exception <a 'java/lang/NoSuchMethodError': <clinit>> (0x00000000d5c78cf0) thrown at [C:\src\AOSP-openjdk-git\hotspot\src\share\vm\prims\jni.cpp, line 1615]
Event: 11.833 Thread 0x00000000192d8800 Exception <a 'java/lang/NoSuchMethodError': <clinit>> (0x00000000d5c95800) thrown at [C:\src\AOSP-openjdk-git\hotspot\src\share\vm\prims\jni.cpp, line 1615]

Events (10 events):
Event: 14.814 loading class org/gradle/internal/operations/BuildOperationWorker
Event: 14.814 loading class org/gradle/internal/operations/BuildOperationWorker done
Event: 14.815 loading class org/gradle/internal/operations/DefaultBuildOperationExecutor$BuildOperationExecutionListener
Event: 14.815 loading class org/gradle/internal/operations/DefaultBuildOperationExecutor$BuildOperationExecutionListener done
Event: 14.816 loading class org/gradle/internal/operations/DefaultBuildOperationExecutor$BuildOperationExecution
Event: 14.817 loading class org/gradle/internal/operations/DefaultBuildOperationExecutor$BuildOperationExecution done
Event: 14.818 loading class org/gradle/internal/operations/BuildOperationRef
Event: 14.818 loading class org/gradle/internal/operations/BuildOperationRef done
Event: 14.819 loading class org/gradle/internal/operations/BuildOperationQueue$QueueWorker
Event: 14.819 loading class org/gradle/internal/operations/BuildOperationQueue$QueueWorker done


Dynamic libraries:
0x00007ff642d70000 - 0x00007ff642da1000 	C:\Program Files\Android\Android Studio\jre\bin\java.exe
0x00007ffd57070000 - 0x00007ffd57266000 	C:\Windows\SYSTEM32\ntdll.dll
0x00007ffd553e0000 - 0x00007ffd5549d000 	C:\Windows\System32\KERNEL32.DLL
0x00007ffd549a0000 - 0x00007ffd54c69000 	C:\Windows\System32\KERNELBASE.dll
0x00007ffd56720000 - 0x00007ffd567cc000 	C:\Windows\System32\ADVAPI32.dll
0x00007ffd567d0000 - 0x00007ffd5686e000 	C:\Windows\System32\msvcrt.dll
0x00007ffd55620000 - 0x00007ffd556bc000 	C:\Windows\System32\sechost.dll
0x00007ffd55920000 - 0x00007ffd55a4b000 	C:\Windows\System32\RPCRT4.dll
0x00007ffd55240000 - 0x00007ffd553e0000 	C:\Windows\System32\USER32.dll
0x00007ffd547b0000 - 0x00007ffd547d2000 	C:\Windows\System32\win32u.dll
0x00007ffd57000000 - 0x00007ffd5702a000 	C:\Windows\System32\GDI32.dll
0x00007ffd547e0000 - 0x00007ffd548eb000 	C:\Windows\System32\gdi32full.dll
0x00007ffd54fd0000 - 0x00007ffd5506d000 	C:\Windows\System32\msvcp_win.dll
0x00007ffd54cf0000 - 0x00007ffd54df0000 	C:\Windows\System32\ucrtbase.dll
0x00007ffd438a0000 - 0x00007ffd43b3b000 	C:\Windows\WinSxS\amd64_microsoft.windows.common-controls_6595b64144ccf1df_6.0.19041.746_none_ca02b4b61b8320a4\COMCTL32.dll
0x00007ffd558f0000 - 0x00007ffd55920000 	C:\Windows\System32\IMM32.DLL
0x00000000501b0000 - 0x0000000050282000 	C:\Program Files\Android\Android Studio\jre\jre\bin\msvcr100.dll
0x0000000076330000 - 0x0000000076b7b000 	C:\Program Files\Android\Android Studio\jre\jre\bin\server\jvm.dll
0x00007ffd56ff0000 - 0x00007ffd56ff8000 	C:\Windows\System32\PSAPI.DLL
0x00007ffd4c970000 - 0x00007ffd4c979000 	C:\Windows\SYSTEM32\WSOCK32.dll
0x00007ffd56ea0000 - 0x00007ffd56f0b000 	C:\Windows\System32\WS2_32.dll
0x00007ffd4b210000 - 0x00007ffd4b237000 	C:\Windows\SYSTEM32\WINMM.dll
0x00007ffd4b200000 - 0x00007ffd4b20a000 	C:\Windows\SYSTEM32\VERSION.dll
0x00007ffd497e0000 - 0x00007ffd497ef000 	C:\Program Files\Android\Android Studio\jre\jre\bin\verify.dll
0x00007ffd48ea0000 - 0x00007ffd48ec9000 	C:\Program Files\Android\Android Studio\jre\jre\bin\java.dll
0x00007ffd3fb00000 - 0x00007ffd3fb16000 	C:\Program Files\Android\Android Studio\jre\jre\bin\zip.dll
0x00007ffd55fd0000 - 0x00007ffd56712000 	C:\Windows\System32\SHELL32.dll
0x00007ffd52900000 - 0x00007ffd53090000 	C:\Windows\SYSTEM32\windows.storage.dll
0x00007ffd56870000 - 0x00007ffd56bc6000 	C:\Windows\System32\combase.dll
0x00007ffd541a0000 - 0x00007ffd541cc000 	C:\Windows\SYSTEM32\Wldp.dll
0x00007ffd56c60000 - 0x00007ffd56d0e000 	C:\Windows\System32\SHCORE.dll
0x00007ffd554a0000 - 0x00007ffd554f5000 	C:\Windows\System32\shlwapi.dll
0x00007ffd546e0000 - 0x00007ffd54706000 	C:\Windows\SYSTEM32\profapi.dll
0x00007ffd49830000 - 0x00007ffd4984a000 	C:\Program Files\Android\Android Studio\jre\jre\bin\net.dll
0x00007ffd53f20000 - 0x00007ffd53f8a000 	C:\Windows\system32\mswsock.dll
0x00007ffd48ed0000 - 0x00007ffd48ee3000 	C:\Program Files\Android\Android Studio\jre\jre\bin\nio.dll
0x00007ffd48df0000 - 0x00007ffd48e16000 	C:\Users\Ghaly\.gradle\native\31\windows-amd64\native-platform.dll
0x00007ffd49820000 - 0x00007ffd4982d000 	C:\Program Files\Android\Android Studio\jre\jre\bin\management.dll
0x00007ffd540f0000 - 0x00007ffd54108000 	C:\Windows\SYSTEM32\CRYPTSP.dll
0x00007ffd53860000 - 0x00007ffd53894000 	C:\Windows\system32\rsaenh.dll
0x00007ffd54c70000 - 0x00007ffd54c97000 	C:\Windows\System32\bcrypt.dll
0x00007ffd54660000 - 0x00007ffd5468e000 	C:\Windows\SYSTEM32\USERENV.dll
0x00007ffd54f50000 - 0x00007ffd54fd0000 	C:\Windows\System32\bcryptprimitives.dll
0x00007ffd54110000 - 0x00007ffd5411c000 	C:\Windows\SYSTEM32\CRYPTBASE.dll
0x00007ffd53c10000 - 0x00007ffd53c4b000 	C:\Windows\SYSTEM32\IPHLPAPI.DLL
0x00007ffd56fe0000 - 0x00007ffd56fe8000 	C:\Windows\System32\NSI.dll
0x00007ffd4cb90000 - 0x00007ffd4cba7000 	C:\Windows\SYSTEM32\dhcpcsvc6.DLL
0x00007ffd4c930000 - 0x00007ffd4c94d000 	C:\Windows\SYSTEM32\dhcpcsvc.DLL
0x00007ffd53c50000 - 0x00007ffd53d1b000 	C:\Windows\SYSTEM32\DNSAPI.dll

VM Arguments:
jvm_args: -Xmx2048m -Dfile.encoding=windows-1252 -Duser.country=ID -Duser.language=en -Duser.variant 
java_command: org.gradle.launcher.daemon.bootstrap.GradleDaemon 6.1.1
java_class_path (initial): C:\Users\Ghaly\.gradle\wrapper\dists\gradle-6.1.1-all\cfmwm155h49vnt3hynmlrsdst\gradle-6.1.1\lib\gradle-launcher-6.1.1.jar
Launcher Type: SUN_STANDARD

Environment Variables:
JAVA_HOME=C:\Program Files\Java\jdk-15.0.2
PATH=C:\Program Files\Common Files\Oracle\Java\javapath;C:\Windows\system32;C:\Windows;C:\Windows\System32\Wbem;C:\Windows\System32\WindowsPowerShell\v1.0\;C:\Windows\System32\OpenSSH\;C:\Program Files\mingw-w64\x86_64-8.1.0-posix-seh-rt_v6-rev0;C:\Program Files\Git\cmd;C:\Users\Ghaly\AppData\Local\Programs\Python\Python39\python.exe;C:\Users\Ghaly\AppData\Local\Microsoft\WindowsApps;C:\MinGW\bin;C:\Users\Ghaly\AppData\Local\Programs\Python\Python39\Scripts\;C:\Users\Ghaly\AppData\Local\Programs\Python\Python39\;C:\Users\Ghaly\AppData\Roaming\Python\Python38\Scripts;C:\Programs\MinGW\bin;C:\Users\Ghaly\AppData\Local\Programs\Microsoft VS Code\bin;C:\Users\Ghaly\.dotnet\tools;C:\adb;C:\Program Files\dotnet\;C:\Program Files\mingw-w64\x86_64-8.1.0-posix-seh-rt_v6-rev0\mingw64\bin;C:\Users\Ghaly\AppData\Local\Programs\Python\Python39\Scripts\;C:\Users\Ghaly\AppData\Local\Programs\Python\Python39\;C:\Users\Ghaly\AppData\Local\Microsoft\WindowsApps;C:\Users\Ghaly\AppData\Roaming\Python\Python38\Scripts;C:\Programs\MinGW\bin;C:\Users\Ghaly\AppData\Local\Programs\Microsoft VS Code\bin;C:\Users\Ghaly\.dotnet\tools
USERNAME=Ghaly
OS=Windows_NT
PROCESSOR_IDENTIFIER=AMD64 Family 23 Model 24 Stepping 1, AuthenticAMD



---------------  S Y S T E M  ---------------

OS: Windows 10.0 , 64 bit Build 19041 (10.0.19041.804)

CPU:total 8 (initial active 8) (8 cores per cpu, 1 threads per core) family 23 model 24 stepping 1, cmov, cx8, fxsr, mmx, sse, sse2, sse3, ssse3, sse4.1, sse4.2, popcnt, avx, avx2, aes, clmul, mmxext, 3dnowpref, lzcnt, sse4a, tsc, tscinvbit, tscinv, bmi1

Memory: 4k page, physical 3598924k(380832k free), swap 7793228k(5220k free)

vm_info: OpenJDK 64-Bit Server VM (25.242-b01) for windows-amd64 JRE (1.8.0_242-release-1644-b01), built by "builder" with MS VC++ 10.0 (VS2010)

time: Tue Mar 09 17:23:47 2021
timezone: SE Asia Standard Time
elapsed time: 14 seconds (0d 0h 0m 14s)

