#
# There is insufficient memory for the Java Runtime Environment to continue.
# Native memory allocation (malloc) failed to allocate 1048576 bytes for AllocateHeap
# Possible reasons:
#   The system is out of physical RAM or swap space
#   The process is running with CompressedOops enabled, and the Java Heap may be blocking the growth of the native heap
# Possible solutions:
#   Reduce memory load on the system
#   Increase physical memory or swap space
#   Check if swap backing store is full
#   Decrease Java heap size (-Xmx/-Xms)
#   Decrease number of Java threads
#   Decrease Java thread stack sizes (-Xss)
#   Set larger code cache with -XX:ReservedCodeCacheSize=
#   JVM is running with Unscaled Compressed Oops mode in which the Java heap is
#     placed in the first 4GB address space. The Java Heap base address is the
#     maximum limit for the native heap growth. Please use -XX:HeapBaseMinAddress
#     to set the Java Heap base and to place the Java Heap above 4GB virtual address.
# This output file may be truncated or incomplete.
#
#  Out of Memory Error (memory/allocation.inline.hpp:61), pid=6672, tid=0x0000000000001598
#
# JRE version:  (8.0_242-b01) (build )
# Java VM: OpenJDK 64-Bit Server VM (25.242-b01 mixed mode windows-amd64 compressed oops)
# Failed to write core dump. Minidumps are not enabled by default on client versions of Windows
#

---------------  T H R E A D  ---------------

Current thread (0x00000000024c5000):  JavaThread "Unknown thread" [_thread_in_vm, id=5528, stack(0x00000000022d0000,0x00000000023d0000)]

Stack: [0x00000000022d0000,0x00000000023d0000]
[error occurred during error reporting (printing stack bounds), id 0xc0000005]

Native frames: (J=compiled Java code, j=interpreted, Vv=VM code, C=native code)


---------------  P R O C E S S  ---------------

Java Threads: ( => current thread )

Other Threads:

=>0x00000000024c5000 (exited) JavaThread "Unknown thread" [_thread_in_vm, id=5528, stack(0x00000000022d0000,0x00000000023d0000)]

VM state:not at safepoint (normal execution)

VM Mutex/Monitor currently owned by a thread: None

heap address: 0x00000000c9000000, size: 880 MB, Compressed Oops mode: 32-bit
Narrow klass base: 0x0000000000000000, Narrow klass shift: 3
Compressed class space size: 1073741824 Address: 0x0000000100000000

Heap:
 PSYoungGen      total 16896K, used 296K [0x00000000edb00000, 0x00000000eed80000, 0x0000000100000000)
  eden space 14848K, 2% used [0x00000000edb00000,0x00000000edb4a3e0,0x00000000ee980000)
  from space 2048K, 0% used [0x00000000eeb80000,0x00000000eeb80000,0x00000000eed80000)
  to   space 2048K, 0% used [0x00000000ee980000,0x00000000ee980000,0x00000000eeb80000)
 ParOldGen       total 38400K, used 0K [0x00000000c9000000, 0x00000000cb580000, 0x00000000edb00000)
  object space 38400K, 0% used [0x00000000c9000000,0x00000000c9000000,0x00000000cb580000)
 Metaspace       used 779K, capacity 4480K, committed 4480K, reserved 1056768K
  class space    used 74K, capacity 384K, committed 384K, reserved 1048576K

Card table byte_map: [0x0000000011980000,0x0000000011b40000] byte_map_base: 0x0000000011338000

Marking Bits: (ParMarkBitMap*) 0x0000000076aff030
 Begin Bits: [0x0000000012470000, 0x0000000013230000)
 End Bits:   [0x0000000013230000, 0x0000000013ff0000)

Polling page: 0x0000000000630000

CodeCache: size=245760Kb used=327Kb max_used=327Kb free=245432Kb
 bounds [0x00000000025c0000, 0x0000000002830000, 0x00000000115c0000]
 total_blobs=56 nmethods=0 adapters=38
 compilation: enabled

Compilation events (0 events):
No events

GC Heap History (0 events):
No events

Deoptimization events (0 events):
No events

Classes redefined (0 events):
No events

Internal exceptions (0 events):
No events

Events (10 events):
Event: 0.050 loading class java/lang/Short
Event: 0.050 loading class java/lang/Short done
Event: 0.050 loading class java/lang/Integer
Event: 0.051 loading class java/lang/Integer done
Event: 0.051 loading class java/lang/Long
Event: 0.051 loading class java/lang/Long done
Event: 0.053 loading class java/lang/NullPointerException
Event: 0.054 loading class java/lang/NullPointerException done
Event: 0.054 loading class java/lang/ArithmeticException
Event: 0.054 loading class java/lang/ArithmeticException done


Dynamic libraries:
0x00007ff6b5f70000 - 0x00007ff6b5fa1000 	C:\Program Files\Android\Android Studio\jre\jre\bin\java.exe
0x00007ffd57070000 - 0x00007ffd57266000 	C:\Windows\SYSTEM32\ntdll.dll
0x00007ffd553e0000 - 0x00007ffd5549d000 	C:\Windows\System32\KERNEL32.DLL
0x00007ffd549a0000 - 0x00007ffd54c69000 	C:\Windows\System32\KERNELBASE.dll
0x00007ffd56720000 - 0x00007ffd567cc000 	C:\Windows\System32\ADVAPI32.dll
0x00007ffd567d0000 - 0x00007ffd5686e000 	C:\Windows\System32\msvcrt.dll
0x00007ffd55620000 - 0x00007ffd556bc000 	C:\Windows\System32\sechost.dll
0x00007ffd55920000 - 0x00007ffd55a4b000 	C:\Windows\System32\RPCRT4.dll
0x00007ffd55240000 - 0x00007ffd553e0000 	C:\Windows\System32\USER32.dll
0x00007ffd547b0000 - 0x00007ffd547d2000 	C:\Windows\System32\win32u.dll
0x00007ffd57000000 - 0x00007ffd5702a000 	C:\Windows\System32\GDI32.dll
0x00007ffd547e0000 - 0x00007ffd548eb000 	C:\Windows\System32\gdi32full.dll
0x00007ffd54fd0000 - 0x00007ffd5506d000 	C:\Windows\System32\msvcp_win.dll
0x00007ffd54cf0000 - 0x00007ffd54df0000 	C:\Windows\System32\ucrtbase.dll
0x00007ffd438a0000 - 0x00007ffd43b3b000 	C:\Windows\WinSxS\amd64_microsoft.windows.common-controls_6595b64144ccf1df_6.0.19041.746_none_ca02b4b61b8320a4\COMCTL32.dll
0x00007ffd558f0000 - 0x00007ffd55920000 	C:\Windows\System32\IMM32.DLL
0x0000000077f20000 - 0x0000000077ff2000 	C:\Program Files\Android\Android Studio\jre\jre\bin\msvcr100.dll
0x0000000076330000 - 0x0000000076b7b000 	C:\Program Files\Android\Android Studio\jre\jre\bin\server\jvm.dll
0x00007ffd56ff0000 - 0x00007ffd56ff8000 	C:\Windows\System32\PSAPI.DLL
0x00007ffd4b210000 - 0x00007ffd4b237000 	C:\Windows\SYSTEM32\WINMM.dll
0x00007ffd4b200000 - 0x00007ffd4b20a000 	C:\Windows\SYSTEM32\VERSION.dll
0x00007ffd4c970000 - 0x00007ffd4c979000 	C:\Windows\SYSTEM32\WSOCK32.dll
0x00007ffd56ea0000 - 0x00007ffd56f0b000 	C:\Windows\System32\WS2_32.dll
0x00007ffd497e0000 - 0x00007ffd497ef000 	C:\Program Files\Android\Android Studio\jre\jre\bin\verify.dll
0x00007ffd48ea0000 - 0x00007ffd48ec9000 	C:\Program Files\Android\Android Studio\jre\jre\bin\java.dll
0x00007ffd3fb00000 - 0x00007ffd3fb16000 	C:\Program Files\Android\Android Studio\jre\jre\bin\zip.dll

VM Arguments:
java_command: org.jetbrains.kotlin.cli.jvm.K2JVMCompiler -Xallow-no-source-files -classpath C:\Users\Ghaly\AndroidStudioProjects\Cherzs\app\build\intermediates\compile_and_runtime_not_namespaced_r_class_jar\debug\R.jar;C:\Users\Ghaly\.gradle\caches\transforms-2\files-2.1\3e8dc1072b3dc6d06f94c550fe8429a6\jetified-kotlin-android-extensions-runtime-1.3.72.jar;C:\Users\Ghaly\.gradle\caches\transforms-2\files-2.1\e6e9cc00e0c2e36e611c6c04ff8203b1\jetified-core-ktx-1.3.2-api.jar;C:\Users\Ghaly\.gradle\caches\transforms-2\files-2.1\b87f47617c59ac9ee181a007f480e53f\jetified-kotlin-stdlib-1.3.72.jar;C:\Users\Ghaly\.gradle\caches\transforms-2\files-2.1\481f4a34bee68d86b8ce8774eb15d925\jetified-kotlin-stdlib-common-1.3.72.jar;C:\Users\Ghaly\.gradle\caches\transforms-2\files-2.1\8d2026e1436f86ed1258cdda39e32916\jetified-annotations-13.0.jar;C:\Users\Ghaly\.gradle\caches\transforms-2\files-2.1\8a3994ba637b3a780b7c2f5a269dcb7c\constraintlayout-2.0.4-api.jar;C:\Users\Ghaly\.gradle\caches\transforms-2\files-2.1\3d8ac964eba6dce9809569581de82f9d\appcompat-1.2.0-api.jar;C:\Users\Ghaly\.gradle\caches\transforms-2\files-2.1\5d28bff110af8fb20dd08e8f5bbde147\recyclerview-1.1.0-api.jar;C:\Users\Ghaly\.gradle\caches\transforms-2\files-2.1\c4417d818a733e73a41458470f86b9be\fragment-1.1.0-api.jar;C:\Users\Ghaly\.gradle\caches\transforms-2\files-2.1\c28b01757a07ac6fb4508d3179bd4d90\jetified-appcompat-resources-1.2.0-api.jar;C:\Users\Ghaly\.gradle\caches\transforms-2\files-2.1\4c8ff528696f7b6e27953e8d6eeb01a9\drawerlayout-1.0.0-api.jar;C:\Users\Ghaly\.gradle\caches\transforms-2\files-2.1\a93c93c702050f703c78764de0b113e8\viewpager-1.0.0-api.jar;C:\Users\Ghaly\.gradle\caches\transforms-2\files-2.1\30e4ebab8ad3b301f3b8554edbe4a242\customview-1.0.0-api.jar;C:\Users\Ghaly\.gradle\caches\transforms-2\files-2.1\7df8f94dfe2872df3e5d3da266742398\loader-1.0.0-api.jar;C:\Users\Ghaly\.gradle\caches\transforms-2\files-2.1\333aea6011630b1791363616251d4039\jetified-activity-1.0.0-api.jar;C:\Users\Ghaly\.gradl
java_class_path (initial): C:\Users\Ghaly\.gradle\caches\modules-2\files-2.1\org.jetbrains.kotlin\kotlin-compiler-embeddable\1.3.72\fb72232c8fa977d5e07d33c43381ddbdc5edab6\kotlin-compiler-embeddable-1.3.72.jar;C:\Users\Ghaly\.gradle\caches\modules-2\files-2.1\org.jetbrains.kotlin\kotlin-reflect\1.3.72\86613e1a669a701b0c660bfd2af4f82a7ae11fca\kotlin-reflect-1.3.72.jar;C:\Users\Ghaly\.gradle\caches\modules-2\files-2.1\org.jetbrains.kotlin\kotlin-stdlib\1.3.72\8032138f12c0180bc4e51fe139d4c52b46db6109\kotlin-stdlib-1.3.72.jar;C:\Users\Ghaly\.gradle\caches\modules-2\files-2.1\org.jetbrains.kotlin\kotlin-script-runtime\1.3.72\657d8d34d91e1964b4439378c09933e840bfe8d5\kotlin-script-runtime-1.3.72.jar;C:\Users\Ghaly\.gradle\caches\modules-2\files-2.1\org.jetbrains.kotlin\kotlin-daemon-embeddable\1.3.72\53bbaa2816dbf6bdb85f629451b1fcc88f2164d2\kotlin-daemon-embeddable-1.3.72.jar;C:\Users\Ghaly\.gradle\caches\modules-2\files-2.1\org.jetbrains.intellij.deps\trove4j\1.0.20181211\216c2e14b070f334479d800987affe4054cd563f\trove4j-1.0.20181211.jar;C:\Users\Ghaly\.gradle\caches\modules-2\files-2.1\org.jetbrains.kotlin\kotlin-stdlib-common\1.3.72\6ca8bee3d88957eaaaef077c41c908c9940492d8\kotlin-stdlib-common-1.3.72.jar;C:\Users\Ghaly\.gradle\caches\modules-2\files-2.1\org.jetbrains\annotations\13.0\919f0dfe192fb4e063e7dacadee7f8bb9a2672a9\annotations-13.0.jar;C:\Program Files\Android\Android Studio\jre\lib\tools.jar
Launcher Type: SUN_STANDARD

Environment Variables:
JAVA_HOME=C:\Program Files\Java\jdk-15.0.2
PATH=C:\Program Files\Common Files\Oracle\Java\javapath;C:\Windows\system32;C:\Windows;C:\Windows\System32\Wbem;C:\Windows\System32\WindowsPowerShell\v1.0\;C:\Windows\System32\OpenSSH\;C:\Program Files\mingw-w64\x86_64-8.1.0-posix-seh-rt_v6-rev0;C:\Program Files\Git\cmd;C:\Users\Ghaly\AppData\Local\Programs\Python\Python39\python.exe;C:\Users\Ghaly\AppData\Local\Microsoft\WindowsApps;C:\MinGW\bin;C:\Users\Ghaly\AppData\Local\Programs\Python\Python39\Scripts\;C:\Users\Ghaly\AppData\Local\Programs\Python\Python39\;C:\Users\Ghaly\AppData\Roaming\Python\Python38\Scripts;C:\Programs\MinGW\bin;C:\Users\Ghaly\AppData\Local\Programs\Microsoft VS Code\bin;C:\Users\Ghaly\.dotnet\tools;C:\adb;C:\Program Files\dotnet\;C:\Program Files\mingw-w64\x86_64-8.1.0-posix-seh-rt_v6-rev0\mingw64\bin;C:\Users\Ghaly\AppData\Local\Programs\Python\Python39\Scripts\;C:\Users\Ghaly\AppData\Local\Programs\Python\Python39\;C:\Users\Ghaly\AppData\Local\Microsoft\WindowsApps;C:\Users\Ghaly\AppData\Roaming\Python\Python38\Scripts;C:\Programs\MinGW\bin;C:\Users\Ghaly\AppData\Local\Programs\Microsoft VS Code\bin;C:\Users\Ghaly\.dotnet\tools
USERNAME=Ghaly
OS=Windows_NT
PROCESSOR_IDENTIFIER=AMD64 Family 23 Model 24 Stepping 1, AuthenticAMD



---------------  S Y S T E M  ---------------

OS: Windows 10.0 , 64 bit Build 19041 (10.0.19041.804)

CPU:total 8 (initial active 8) (8 cores per cpu, 1 threads per core) family 23 model 24 stepping 1, cmov, cx8, fxsr, mmx, sse, sse2, sse3, ssse3, sse4.1, sse4.2, popcnt, avx, avx2, aes, clmul, mmxext, 3dnowpref, lzcnt, sse4a, tsc, tscinvbit, tscinv, bmi1

Memory: 4k page, physical 3598924k(407496k free), swap 7793228k(5168k free)

vm_info: OpenJDK 64-Bit Server VM (25.242-b01) for windows-amd64 JRE (1.8.0_242-release-1644-b01), built by "builder" with MS VC++ 10.0 (VS2010)

time: Tue Mar 09 17:09:00 2021
timezone: SE Asia Standard Time
elapsed time: 0 seconds (0d 0h 0m 0s)

